<?xml version="1.0" encoding="UTF-8" ?>
<testsuites name="vitest tests" tests="130" failures="0" errors="0" time="235.539766053">
    <testsuite name="tests/e2e/circle-messaging-flow-parameterized.e2e.test.ts" timestamp="2026-02-17T04:28:28.877Z" hostname="ip-172-31-37-183" tests="20" failures="0" errors="0" skipped="0" time="140.627271072">
        <testcase classname="tests/e2e/circle-messaging-flow-parameterized.e2e.test.ts" name="E2E: Circle Messaging Flow [sqlite] &gt; Complete Circle Journey &gt; should complete: create circle → add friends → send message → verify selective delivery" time="0.272371029">
            <system-out>
2026-02-17 04:26:08.337 [[32minfo[39m] AUDIT
{
  &quot;service&quot;: &quot;clawbuds-audit&quot;,
  &quot;event&quot;: &quot;user.register&quot;,
  &quot;clawId&quot;: &quot;claw_cd7603a0d64fa314&quot;,
  &quot;action&quot;: &quot;User registered: Alice&quot;,
  &quot;result&quot;: &quot;success&quot;,
  &quot;ip&quot;: &quot;::ffff:127.0.0.1&quot;,
  &quot;publicKey&quot;: &quot;7f3f917e9245c1ca24a710680caeae6782cd38c2acefe8340d8893afb61590d6&quot;
}

2026-02-17 04:26:08.351 [[32minfo[39m] AUDIT
{
  &quot;service&quot;: &quot;clawbuds-audit&quot;,
  &quot;event&quot;: &quot;user.register&quot;,
  &quot;clawId&quot;: &quot;claw_28250229cfafd3a2&quot;,
  &quot;action&quot;: &quot;User registered: Bob&quot;,
  &quot;result&quot;: &quot;success&quot;,
  &quot;ip&quot;: &quot;::ffff:127.0.0.1&quot;,
  &quot;publicKey&quot;: &quot;c6f6f2225fe89ff2712705624235d525bb81dece883894ccad93f4ee1a6e1d25&quot;
}

2026-02-17 04:26:08.362 [[32minfo[39m] AUDIT
{
  &quot;service&quot;: &quot;clawbuds-audit&quot;,
  &quot;event&quot;: &quot;user.register&quot;,
  &quot;clawId&quot;: &quot;claw_7fe1482d06b436b2&quot;,
  &quot;action&quot;: &quot;User registered: Charlie&quot;,
  &quot;result&quot;: &quot;success&quot;,
  &quot;ip&quot;: &quot;::ffff:127.0.0.1&quot;,
  &quot;publicKey&quot;: &quot;44f710e1795f47d893f5c1ed0ed14bf036b777e1643bb28ad33a7510a57edb42&quot;
}

            </system-out>
        </testcase>
        <testcase classname="tests/e2e/circle-messaging-flow-parameterized.e2e.test.ts" name="E2E: Circle Messaging Flow [sqlite] &gt; Complete Circle Journey &gt; should prevent adding non-friend to circle" time="0.072151917">
            <system-out>
2026-02-17 04:26:08.497 [[32minfo[39m] AUDIT
{
  &quot;service&quot;: &quot;clawbuds-audit&quot;,
  &quot;event&quot;: &quot;user.register&quot;,
  &quot;clawId&quot;: &quot;claw_7b6cff280b128348&quot;,
  &quot;action&quot;: &quot;User registered: Alice&quot;,
  &quot;result&quot;: &quot;success&quot;,
  &quot;ip&quot;: &quot;::ffff:127.0.0.1&quot;,
  &quot;publicKey&quot;: &quot;2a44c85a5dfcfd49610e412ce41540e3856fe31494dc846e2b4ec90373afbf7e&quot;
}

2026-02-17 04:26:08.504 [[32minfo[39m] AUDIT
{
  &quot;service&quot;: &quot;clawbuds-audit&quot;,
  &quot;event&quot;: &quot;user.register&quot;,
  &quot;clawId&quot;: &quot;claw_5f0510451704f454&quot;,
  &quot;action&quot;: &quot;User registered: Bob&quot;,
  &quot;result&quot;: &quot;success&quot;,
  &quot;ip&quot;: &quot;::ffff:127.0.0.1&quot;,
  &quot;publicKey&quot;: &quot;93b65b4952c7b5744c65a5fab6b38d9aa665283f9d1f069a38f4cf34839699ef&quot;
}

2026-02-17 04:26:08.509 [[32minfo[39m] AUDIT
{
  &quot;service&quot;: &quot;clawbuds-audit&quot;,
  &quot;event&quot;: &quot;user.register&quot;,
  &quot;clawId&quot;: &quot;claw_60cdd8b1d2b83124&quot;,
  &quot;action&quot;: &quot;User registered: Charlie&quot;,
  &quot;result&quot;: &quot;success&quot;,
  &quot;ip&quot;: &quot;::ffff:127.0.0.1&quot;,
  &quot;publicKey&quot;: &quot;8646670b5717bedde87d47a05c937adff61392705965d249149a557538760583&quot;
}

            </system-out>
        </testcase>
        <testcase classname="tests/e2e/circle-messaging-flow-parameterized.e2e.test.ts" name="E2E: Circle Messaging Flow [sqlite] &gt; Complete Circle Journey &gt; should handle multiple circles with overlapping members" time="0.118070898">
            <system-out>
2026-02-17 04:26:08.574 [[32minfo[39m] AUDIT
{
  &quot;service&quot;: &quot;clawbuds-audit&quot;,
  &quot;event&quot;: &quot;user.register&quot;,
  &quot;clawId&quot;: &quot;claw_ab3381584dca7eab&quot;,
  &quot;action&quot;: &quot;User registered: Alice&quot;,
  &quot;result&quot;: &quot;success&quot;,
  &quot;ip&quot;: &quot;::ffff:127.0.0.1&quot;,
  &quot;publicKey&quot;: &quot;50bd0ab1c698fac42e0fa2a42d2e7329fd9894b6ecb63e5cd1c2d6208fafcbb2&quot;
}

2026-02-17 04:26:08.579 [[32minfo[39m] AUDIT
{
  &quot;service&quot;: &quot;clawbuds-audit&quot;,
  &quot;event&quot;: &quot;user.register&quot;,
  &quot;clawId&quot;: &quot;claw_9c45788c07ebf443&quot;,
  &quot;action&quot;: &quot;User registered: Bob&quot;,
  &quot;result&quot;: &quot;success&quot;,
  &quot;ip&quot;: &quot;::ffff:127.0.0.1&quot;,
  &quot;publicKey&quot;: &quot;c1e6e48c27207f8ef46041402661e71994ba8d3ba68ef9e10402ecdebaa0947f&quot;
}

2026-02-17 04:26:08.584 [[32minfo[39m] AUDIT
{
  &quot;service&quot;: &quot;clawbuds-audit&quot;,
  &quot;event&quot;: &quot;user.register&quot;,
  &quot;clawId&quot;: &quot;claw_71a8079afe4cf5e5&quot;,
  &quot;action&quot;: &quot;User registered: Charlie&quot;,
  &quot;result&quot;: &quot;success&quot;,
  &quot;ip&quot;: &quot;::ffff:127.0.0.1&quot;,
  &quot;publicKey&quot;: &quot;c09c02746df9e6434743d218e8366ac839a91c5aa16ac5511f643419d172578e&quot;
}

2026-02-17 04:26:08.589 [[32minfo[39m] AUDIT
{
  &quot;service&quot;: &quot;clawbuds-audit&quot;,
  &quot;event&quot;: &quot;user.register&quot;,
  &quot;clawId&quot;: &quot;claw_e115e623354aaa40&quot;,
  &quot;action&quot;: &quot;User registered: David&quot;,
  &quot;result&quot;: &quot;success&quot;,
  &quot;ip&quot;: &quot;::ffff:127.0.0.1&quot;,
  &quot;publicKey&quot;: &quot;8f4fda5e838e7682ef1d589125b6c5899a4af59adc8da0044aca7423d87db56b&quot;
}

            </system-out>
        </testcase>
        <testcase classname="tests/e2e/circle-messaging-flow-parameterized.e2e.test.ts" name="E2E: Circle Messaging Flow [sqlite] &gt; Complete Circle Journey &gt; should support sending to multiple circles simultaneously" time="0.119829001">
            <system-out>
2026-02-17 04:26:08.689 [[32minfo[39m] AUDIT
{
  &quot;service&quot;: &quot;clawbuds-audit&quot;,
  &quot;event&quot;: &quot;user.register&quot;,
  &quot;clawId&quot;: &quot;claw_2a81a1500c2cb34a&quot;,
  &quot;action&quot;: &quot;User registered: Alice&quot;,
  &quot;result&quot;: &quot;success&quot;,
  &quot;ip&quot;: &quot;::ffff:127.0.0.1&quot;,
  &quot;publicKey&quot;: &quot;6cbf60c1efd2be3eb81682f653d06dad467ac50f9345d10101c197dafae80119&quot;
}

2026-02-17 04:26:08.697 [[32minfo[39m] AUDIT
{
  &quot;service&quot;: &quot;clawbuds-audit&quot;,
  &quot;event&quot;: &quot;user.register&quot;,
  &quot;clawId&quot;: &quot;claw_33cb04e41badad4c&quot;,
  &quot;action&quot;: &quot;User registered: Bob&quot;,
  &quot;result&quot;: &quot;success&quot;,
  &quot;ip&quot;: &quot;::ffff:127.0.0.1&quot;,
  &quot;publicKey&quot;: &quot;01ba4a7a55d0a9044098263e8426956b545adc05c0539e6d3687e44726e83d3e&quot;
}

2026-02-17 04:26:08.705 [[32minfo[39m] AUDIT
{
  &quot;service&quot;: &quot;clawbuds-audit&quot;,
  &quot;event&quot;: &quot;user.register&quot;,
  &quot;clawId&quot;: &quot;claw_9b1ffe4ca62ea3d9&quot;,
  &quot;action&quot;: &quot;User registered: Charlie&quot;,
  &quot;result&quot;: &quot;success&quot;,
  &quot;ip&quot;: &quot;::ffff:127.0.0.1&quot;,
  &quot;publicKey&quot;: &quot;387aa6373afe117e3e4105d7d502641dd186d414093dbb098edbc6bc28976af4&quot;
}

2026-02-17 04:26:08.712 [[32minfo[39m] AUDIT
{
  &quot;service&quot;: &quot;clawbuds-audit&quot;,
  &quot;event&quot;: &quot;user.register&quot;,
  &quot;clawId&quot;: &quot;claw_f4890ed9dc1bdffa&quot;,
  &quot;action&quot;: &quot;User registered: David&quot;,
  &quot;result&quot;: &quot;success&quot;,
  &quot;ip&quot;: &quot;::ffff:127.0.0.1&quot;,
  &quot;publicKey&quot;: &quot;1bb0b098f0c31385d3af4abb9d9aed7421aa108f2bf336cbfc0af38d02c699e5&quot;
}

            </system-out>
        </testcase>
        <testcase classname="tests/e2e/circle-messaging-flow-parameterized.e2e.test.ts" name="E2E: Circle Messaging Flow [sqlite] &gt; Complete Circle Journey &gt; should handle empty circles (no messages sent)" time="0.04623187">
            <system-out>
2026-02-17 04:26:08.805 [[32minfo[39m] AUDIT
{
  &quot;service&quot;: &quot;clawbuds-audit&quot;,
  &quot;event&quot;: &quot;user.register&quot;,
  &quot;clawId&quot;: &quot;claw_01e5e2b266ec1122&quot;,
  &quot;action&quot;: &quot;User registered: Alice&quot;,
  &quot;result&quot;: &quot;success&quot;,
  &quot;ip&quot;: &quot;::ffff:127.0.0.1&quot;,
  &quot;publicKey&quot;: &quot;95267f65cee7436cf178ad7e99f66d42a31f3ff27445b6a2700298080fa884eb&quot;
}

2026-02-17 04:26:08.810 [[32minfo[39m] AUDIT
{
  &quot;service&quot;: &quot;clawbuds-audit&quot;,
  &quot;event&quot;: &quot;user.register&quot;,
  &quot;clawId&quot;: &quot;claw_d7b3a2e11b40e8e7&quot;,
  &quot;action&quot;: &quot;User registered: Bob&quot;,
  &quot;result&quot;: &quot;success&quot;,
  &quot;ip&quot;: &quot;::ffff:127.0.0.1&quot;,
  &quot;publicKey&quot;: &quot;095e08b8223e06958e88741e064b7df8db1628ac0905951a393d9d5b066a0478&quot;
}

2026-02-17 04:26:08.815 [[32minfo[39m] AUDIT
{
  &quot;service&quot;: &quot;clawbuds-audit&quot;,
  &quot;event&quot;: &quot;user.register&quot;,
  &quot;clawId&quot;: &quot;claw_6ab5436bd8a07ef1&quot;,
  &quot;action&quot;: &quot;User registered: Charlie&quot;,
  &quot;result&quot;: &quot;success&quot;,
  &quot;ip&quot;: &quot;::ffff:127.0.0.1&quot;,
  &quot;publicKey&quot;: &quot;7c65d81f044d61ccfb805da4f37bb1b97e75152b1c04d66c76471a63350c58c6&quot;
}

            </system-out>
        </testcase>
        <testcase classname="tests/e2e/circle-messaging-flow-parameterized.e2e.test.ts" name="E2E: Circle Messaging Flow [sqlite] &gt; Complete Circle Journey &gt; should allow Circle members to react to messages" time="0.082126433">
            <system-out>
2026-02-17 04:26:08.852 [[32minfo[39m] AUDIT
{
  &quot;service&quot;: &quot;clawbuds-audit&quot;,
  &quot;event&quot;: &quot;user.register&quot;,
  &quot;clawId&quot;: &quot;claw_c463409c93466ccc&quot;,
  &quot;action&quot;: &quot;User registered: Alice&quot;,
  &quot;result&quot;: &quot;success&quot;,
  &quot;ip&quot;: &quot;::ffff:127.0.0.1&quot;,
  &quot;publicKey&quot;: &quot;e0733511dba6ff70721304b51e15d52925e33977c668814cb98a948fabbdde04&quot;
}

2026-02-17 04:26:08.856 [[32minfo[39m] AUDIT
{
  &quot;service&quot;: &quot;clawbuds-audit&quot;,
  &quot;event&quot;: &quot;user.register&quot;,
  &quot;clawId&quot;: &quot;claw_d6284f445d4ab409&quot;,
  &quot;action&quot;: &quot;User registered: Bob&quot;,
  &quot;result&quot;: &quot;success&quot;,
  &quot;ip&quot;: &quot;::ffff:127.0.0.1&quot;,
  &quot;publicKey&quot;: &quot;b43232ad0b6b8014fa2e8dad0cfd59f7cd289a40decef4d3205c83f1bab7d56f&quot;
}

2026-02-17 04:26:08.860 [[32minfo[39m] AUDIT
{
  &quot;service&quot;: &quot;clawbuds-audit&quot;,
  &quot;event&quot;: &quot;user.register&quot;,
  &quot;clawId&quot;: &quot;claw_f9c60df97c70ee21&quot;,
  &quot;action&quot;: &quot;User registered: Charlie&quot;,
  &quot;result&quot;: &quot;success&quot;,
  &quot;ip&quot;: &quot;::ffff:127.0.0.1&quot;,
  &quot;publicKey&quot;: &quot;33f98e102bde8457e876bb4f725168a61f5bd5aed5a4d3d531e6b3961a2117d1&quot;
}

            </system-out>
        </testcase>
        <testcase classname="tests/e2e/circle-messaging-flow-parameterized.e2e.test.ts" name="E2E: Circle Messaging Flow [sqlite] &gt; Circle Name Resolution &gt; should handle non-existent circle names gracefully" time="0.039506491">
            <system-out>
2026-02-17 04:26:08.934 [[32minfo[39m] AUDIT
{
  &quot;service&quot;: &quot;clawbuds-audit&quot;,
  &quot;event&quot;: &quot;user.register&quot;,
  &quot;clawId&quot;: &quot;claw_33d64542cb726259&quot;,
  &quot;action&quot;: &quot;User registered: Alice&quot;,
  &quot;result&quot;: &quot;success&quot;,
  &quot;ip&quot;: &quot;::ffff:127.0.0.1&quot;,
  &quot;publicKey&quot;: &quot;a256819ed462b0692debd2f304f204713f0aeffcfd478337ff65d49d6dabfa5f&quot;
}

2026-02-17 04:26:08.939 [[32minfo[39m] AUDIT
{
  &quot;service&quot;: &quot;clawbuds-audit&quot;,
  &quot;event&quot;: &quot;user.register&quot;,
  &quot;clawId&quot;: &quot;claw_9cb3c81714145458&quot;,
  &quot;action&quot;: &quot;User registered: Bob&quot;,
  &quot;result&quot;: &quot;success&quot;,
  &quot;ip&quot;: &quot;::ffff:127.0.0.1&quot;,
  &quot;publicKey&quot;: &quot;6f5999b0b0c089bbeb5adb3c2ab4c9b1098bbcef5ae593947e41ee53eefeac6b&quot;
}

2026-02-17 04:26:08.943 [[32minfo[39m] AUDIT
{
  &quot;service&quot;: &quot;clawbuds-audit&quot;,
  &quot;event&quot;: &quot;user.register&quot;,
  &quot;clawId&quot;: &quot;claw_b4ad643e7d9b0d62&quot;,
  &quot;action&quot;: &quot;User registered: Charlie&quot;,
  &quot;result&quot;: &quot;success&quot;,
  &quot;ip&quot;: &quot;::ffff:127.0.0.1&quot;,
  &quot;publicKey&quot;: &quot;2ca81f2fe63740776124febbc415427168eddf1b9b1df6799153c7ccacac3c53&quot;
}

            </system-out>
        </testcase>
        <testcase classname="tests/e2e/circle-messaging-flow-parameterized.e2e.test.ts" name="E2E: Circle Messaging Flow [sqlite] &gt; Circle Name Resolution &gt; should prevent creating circles with duplicate names" time="0.033853995">
            <system-out>
2026-02-17 04:26:08.973 [[32minfo[39m] AUDIT
{
  &quot;service&quot;: &quot;clawbuds-audit&quot;,
  &quot;event&quot;: &quot;user.register&quot;,
  &quot;clawId&quot;: &quot;claw_7ef356b312d08e74&quot;,
  &quot;action&quot;: &quot;User registered: Alice&quot;,
  &quot;result&quot;: &quot;success&quot;,
  &quot;ip&quot;: &quot;::ffff:127.0.0.1&quot;,
  &quot;publicKey&quot;: &quot;221f03a14737f429c6d2debe8e69074f466010bf66a648b5fa35fbd4b93f15bb&quot;
}

2026-02-17 04:26:08.977 [[32minfo[39m] AUDIT
{
  &quot;service&quot;: &quot;clawbuds-audit&quot;,
  &quot;event&quot;: &quot;user.register&quot;,
  &quot;clawId&quot;: &quot;claw_b1f481f731bb4b2e&quot;,
  &quot;action&quot;: &quot;User registered: Bob&quot;,
  &quot;result&quot;: &quot;success&quot;,
  &quot;ip&quot;: &quot;::ffff:127.0.0.1&quot;,
  &quot;publicKey&quot;: &quot;d1efb8e2f88e4748240bdd4c027d2e7ef90df7c84a64a1845d32e41289a12d93&quot;
}

2026-02-17 04:26:08.980 [[32minfo[39m] AUDIT
{
  &quot;service&quot;: &quot;clawbuds-audit&quot;,
  &quot;event&quot;: &quot;user.register&quot;,
  &quot;clawId&quot;: &quot;claw_762fe21b3009e2d9&quot;,
  &quot;action&quot;: &quot;User registered: Charlie&quot;,
  &quot;result&quot;: &quot;success&quot;,
  &quot;ip&quot;: &quot;::ffff:127.0.0.1&quot;,
  &quot;publicKey&quot;: &quot;8234d79c50c639592bee1638579f9058fd37057223feeaef4486aacd7bd42572&quot;
}

            </system-out>
        </testcase>
        <testcase classname="tests/e2e/circle-messaging-flow-parameterized.e2e.test.ts" name="E2E: Circle Messaging Flow [sqlite] &gt; Circle and Direct Message Interaction &gt; should allow mixing Circle and Direct messages" time="0.070294988">
            <system-out>
2026-02-17 04:26:09.009 [[32minfo[39m] AUDIT
{
  &quot;service&quot;: &quot;clawbuds-audit&quot;,
  &quot;event&quot;: &quot;user.register&quot;,
  &quot;clawId&quot;: &quot;claw_0f51b07b348ddb4b&quot;,
  &quot;action&quot;: &quot;User registered: Alice&quot;,
  &quot;result&quot;: &quot;success&quot;,
  &quot;ip&quot;: &quot;::ffff:127.0.0.1&quot;,
  &quot;publicKey&quot;: &quot;1ecb35e81d760eda49e27db37437f21b07450b24f42fca6e0623c29563f0beae&quot;
}

2026-02-17 04:26:09.012 [[32minfo[39m] AUDIT
{
  &quot;service&quot;: &quot;clawbuds-audit&quot;,
  &quot;event&quot;: &quot;user.register&quot;,
  &quot;clawId&quot;: &quot;claw_92570593fd9eb590&quot;,
  &quot;action&quot;: &quot;User registered: Bob&quot;,
  &quot;result&quot;: &quot;success&quot;,
  &quot;ip&quot;: &quot;::ffff:127.0.0.1&quot;,
  &quot;publicKey&quot;: &quot;85d14b7c7d7db64deb7698dc23673886edbd7e75b34202e414693b0602add8ed&quot;
}

2026-02-17 04:26:09.016 [[32minfo[39m] AUDIT
{
  &quot;service&quot;: &quot;clawbuds-audit&quot;,
  &quot;event&quot;: &quot;user.register&quot;,
  &quot;clawId&quot;: &quot;claw_6e68deba03e32176&quot;,
  &quot;action&quot;: &quot;User registered: Charlie&quot;,
  &quot;result&quot;: &quot;success&quot;,
  &quot;ip&quot;: &quot;::ffff:127.0.0.1&quot;,
  &quot;publicKey&quot;: &quot;2a76f44ea07204e0fe851d2bab23a9692c418b122c5e6051f107d008af172ab7&quot;
}

            </system-out>
        </testcase>
        <testcase classname="tests/e2e/circle-messaging-flow-parameterized.e2e.test.ts" name="E2E: Circle Messaging Flow [sqlite] &gt; Repository Type Verification &gt; should be using sqlite repository" time="0.019794161">
            <system-out>
2026-02-17 04:26:09.078 [[32minfo[39m] AUDIT
{
  &quot;service&quot;: &quot;clawbuds-audit&quot;,
  &quot;event&quot;: &quot;user.register&quot;,
  &quot;clawId&quot;: &quot;claw_2f772368b1d8f93b&quot;,
  &quot;action&quot;: &quot;User registered: Alice&quot;,
  &quot;result&quot;: &quot;success&quot;,
  &quot;ip&quot;: &quot;::ffff:127.0.0.1&quot;,
  &quot;publicKey&quot;: &quot;0f3627ee2b9a3844b6d68ca342bfd80a8b3cd46439edcfb937ffbf4beee8e58e&quot;
}

2026-02-17 04:26:09.081 [[32minfo[39m] AUDIT
{
  &quot;service&quot;: &quot;clawbuds-audit&quot;,
  &quot;event&quot;: &quot;user.register&quot;,
  &quot;clawId&quot;: &quot;claw_d72bad479e3d7748&quot;,
  &quot;action&quot;: &quot;User registered: Bob&quot;,
  &quot;result&quot;: &quot;success&quot;,
  &quot;ip&quot;: &quot;::ffff:127.0.0.1&quot;,
  &quot;publicKey&quot;: &quot;4f0654f4a736a214c40f7231f6e6fc166574a44e7dc1e65a8b3cd91113ed86e5&quot;
}

2026-02-17 04:26:09.085 [[32minfo[39m] AUDIT
{
  &quot;service&quot;: &quot;clawbuds-audit&quot;,
  &quot;event&quot;: &quot;user.register&quot;,
  &quot;clawId&quot;: &quot;claw_39b2a2a2ceb2c751&quot;,
  &quot;action&quot;: &quot;User registered: Charlie&quot;,
  &quot;result&quot;: &quot;success&quot;,
  &quot;ip&quot;: &quot;::ffff:127.0.0.1&quot;,
  &quot;publicKey&quot;: &quot;5e03ed6e84fe6657340f8b04268233871416b25fa4c54a64025d48ab96695dc7&quot;
}

            </system-out>
        </testcase>
        <testcase classname="tests/e2e/circle-messaging-flow-parameterized.e2e.test.ts" name="E2E: Circle Messaging Flow [supabase] &gt; Complete Circle Journey &gt; should complete: create circle → add friends → send message → verify selective delivery" time="21.723748738">
            <system-out>
2026-02-17 04:26:09.923 [[32minfo[39m] AUDIT
{
  &quot;service&quot;: &quot;clawbuds-audit&quot;,
  &quot;event&quot;: &quot;user.register&quot;,
  &quot;clawId&quot;: &quot;claw_2f3fdf24f9ff9974&quot;,
  &quot;action&quot;: &quot;User registered: Alice&quot;,
  &quot;result&quot;: &quot;success&quot;,
  &quot;ip&quot;: &quot;::ffff:127.0.0.1&quot;,
  &quot;publicKey&quot;: &quot;5c454b39b9a61f3da9d15fb337ca9162a58058e3ec2b632916e69c5dda8c0746&quot;
}

2026-02-17 04:26:10.698 [[32minfo[39m] AUDIT
{
  &quot;service&quot;: &quot;clawbuds-audit&quot;,
  &quot;event&quot;: &quot;user.register&quot;,
  &quot;clawId&quot;: &quot;claw_98c018736c91d1ad&quot;,
  &quot;action&quot;: &quot;User registered: Bob&quot;,
  &quot;result&quot;: &quot;success&quot;,
  &quot;ip&quot;: &quot;::ffff:127.0.0.1&quot;,
  &quot;publicKey&quot;: &quot;078372db4222bc0979e125e3f9a364e57a47a57cc5b4d6e99633b065dafb86e0&quot;
}

2026-02-17 04:26:11.461 [[32minfo[39m] AUDIT
{
  &quot;service&quot;: &quot;clawbuds-audit&quot;,
  &quot;event&quot;: &quot;user.register&quot;,
  &quot;clawId&quot;: &quot;claw_a5efd4ca8533e5c7&quot;,
  &quot;action&quot;: &quot;User registered: Charlie&quot;,
  &quot;result&quot;: &quot;success&quot;,
  &quot;ip&quot;: &quot;::ffff:127.0.0.1&quot;,
  &quot;publicKey&quot;: &quot;2c9750313994c094472a0801faae773cb2ae5eaa8464c7398b72a3060f44a21e&quot;
}

            </system-out>
        </testcase>
        <testcase classname="tests/e2e/circle-messaging-flow-parameterized.e2e.test.ts" name="E2E: Circle Messaging Flow [supabase] &gt; Complete Circle Journey &gt; should prevent adding non-friend to circle" time="11.734416028">
            <system-out>
2026-02-17 04:26:31.558 [[32minfo[39m] AUDIT
{
  &quot;service&quot;: &quot;clawbuds-audit&quot;,
  &quot;event&quot;: &quot;user.register&quot;,
  &quot;clawId&quot;: &quot;claw_0199e8f4c567251c&quot;,
  &quot;action&quot;: &quot;User registered: Alice&quot;,
  &quot;result&quot;: &quot;success&quot;,
  &quot;ip&quot;: &quot;::ffff:127.0.0.1&quot;,
  &quot;publicKey&quot;: &quot;1ad7413b6a373a4edbbf098385526b46d1babb88da597e99725eae0f1e0396fc&quot;
}

2026-02-17 04:26:32.310 [[32minfo[39m] AUDIT
{
  &quot;service&quot;: &quot;clawbuds-audit&quot;,
  &quot;event&quot;: &quot;user.register&quot;,
  &quot;clawId&quot;: &quot;claw_3064835cadbe9aff&quot;,
  &quot;action&quot;: &quot;User registered: Bob&quot;,
  &quot;result&quot;: &quot;success&quot;,
  &quot;ip&quot;: &quot;::ffff:127.0.0.1&quot;,
  &quot;publicKey&quot;: &quot;66850a8b37768c8f8c02077d4583538b614e1097b8ed884815a5b9dce2b41095&quot;
}

2026-02-17 04:26:33.058 [[32minfo[39m] AUDIT
{
  &quot;service&quot;: &quot;clawbuds-audit&quot;,
  &quot;event&quot;: &quot;user.register&quot;,
  &quot;clawId&quot;: &quot;claw_52188c6955d4c742&quot;,
  &quot;action&quot;: &quot;User registered: Charlie&quot;,
  &quot;result&quot;: &quot;success&quot;,
  &quot;ip&quot;: &quot;::ffff:127.0.0.1&quot;,
  &quot;publicKey&quot;: &quot;296063d799cb34cdd8bfd20a5f94bcb1d8c163e23610b8d9a92a1eda43f925e0&quot;
}

            </system-out>
        </testcase>
        <testcase classname="tests/e2e/circle-messaging-flow-parameterized.e2e.test.ts" name="E2E: Circle Messaging Flow [supabase] &gt; Complete Circle Journey &gt; should handle multiple circles with overlapping members" time="25.918914997">
            <system-out>
2026-02-17 04:26:43.271 [[32minfo[39m] AUDIT
{
  &quot;service&quot;: &quot;clawbuds-audit&quot;,
  &quot;event&quot;: &quot;user.register&quot;,
  &quot;clawId&quot;: &quot;claw_f8ac91ac4a837211&quot;,
  &quot;action&quot;: &quot;User registered: Alice&quot;,
  &quot;result&quot;: &quot;success&quot;,
  &quot;ip&quot;: &quot;::ffff:127.0.0.1&quot;,
  &quot;publicKey&quot;: &quot;ce8b0a95aa79ad088534ea6445f0b74ddc456fda911c269521415dc909dd8d2d&quot;
}

2026-02-17 04:26:43.998 [[32minfo[39m] AUDIT
{
  &quot;service&quot;: &quot;clawbuds-audit&quot;,
  &quot;event&quot;: &quot;user.register&quot;,
  &quot;clawId&quot;: &quot;claw_411e056a79d2ea43&quot;,
  &quot;action&quot;: &quot;User registered: Bob&quot;,
  &quot;result&quot;: &quot;success&quot;,
  &quot;ip&quot;: &quot;::ffff:127.0.0.1&quot;,
  &quot;publicKey&quot;: &quot;e95964a3e688907eff00a1912f1cc060653771185111d7562177a1b075b376c4&quot;
}

2026-02-17 04:26:44.720 [[32minfo[39m] AUDIT
{
  &quot;service&quot;: &quot;clawbuds-audit&quot;,
  &quot;event&quot;: &quot;user.register&quot;,
  &quot;clawId&quot;: &quot;claw_241e9709f96530b3&quot;,
  &quot;action&quot;: &quot;User registered: Charlie&quot;,
  &quot;result&quot;: &quot;success&quot;,
  &quot;ip&quot;: &quot;::ffff:127.0.0.1&quot;,
  &quot;publicKey&quot;: &quot;baadc187cc36daeec71c6cfbccf29de1109657eabc51b9aba8d53b72b0d04d78&quot;
}

2026-02-17 04:26:45.459 [[32minfo[39m] AUDIT
{
  &quot;service&quot;: &quot;clawbuds-audit&quot;,
  &quot;event&quot;: &quot;user.register&quot;,
  &quot;clawId&quot;: &quot;claw_0f2b4dc34cc82466&quot;,
  &quot;action&quot;: &quot;User registered: David&quot;,
  &quot;result&quot;: &quot;success&quot;,
  &quot;ip&quot;: &quot;::ffff:127.0.0.1&quot;,
  &quot;publicKey&quot;: &quot;d280418c71994ac92d2544658c0cc78528a7bbd32f492715a6ad5f1fe1d1c94c&quot;
}

            </system-out>
        </testcase>
        <testcase classname="tests/e2e/circle-messaging-flow-parameterized.e2e.test.ts" name="E2E: Circle Messaging Flow [supabase] &gt; Complete Circle Journey &gt; should support sending to multiple circles simultaneously" time="23.918378081">
            <system-out>
2026-02-17 04:27:09.191 [[32minfo[39m] AUDIT
{
  &quot;service&quot;: &quot;clawbuds-audit&quot;,
  &quot;event&quot;: &quot;user.register&quot;,
  &quot;clawId&quot;: &quot;claw_a9fc2f092104804f&quot;,
  &quot;action&quot;: &quot;User registered: Alice&quot;,
  &quot;result&quot;: &quot;success&quot;,
  &quot;ip&quot;: &quot;::ffff:127.0.0.1&quot;,
  &quot;publicKey&quot;: &quot;2d9f7795972a8d861db4c11c27f621e849198977f4f7ac39bf5cc5b8f29e7601&quot;
}

2026-02-17 04:27:09.916 [[32minfo[39m] AUDIT
{
  &quot;service&quot;: &quot;clawbuds-audit&quot;,
  &quot;event&quot;: &quot;user.register&quot;,
  &quot;clawId&quot;: &quot;claw_74292f7d8fa01cfb&quot;,
  &quot;action&quot;: &quot;User registered: Bob&quot;,
  &quot;result&quot;: &quot;success&quot;,
  &quot;ip&quot;: &quot;::ffff:127.0.0.1&quot;,
  &quot;publicKey&quot;: &quot;620c9d23e8bcf8b27f904e78bb8fa17f263a93298fdfd9401146baf60c32c10c&quot;
}

2026-02-17 04:27:10.651 [[32minfo[39m] AUDIT
{
  &quot;service&quot;: &quot;clawbuds-audit&quot;,
  &quot;event&quot;: &quot;user.register&quot;,
  &quot;clawId&quot;: &quot;claw_7814f7a9a48d7845&quot;,
  &quot;action&quot;: &quot;User registered: Charlie&quot;,
  &quot;result&quot;: &quot;success&quot;,
  &quot;ip&quot;: &quot;::ffff:127.0.0.1&quot;,
  &quot;publicKey&quot;: &quot;cbbedc18b9603413f747b25b0f85e637bc50b972dfc781831e9c8a0b1bac6a8a&quot;
}

2026-02-17 04:27:11.376 [[32minfo[39m] AUDIT
{
  &quot;service&quot;: &quot;clawbuds-audit&quot;,
  &quot;event&quot;: &quot;user.register&quot;,
  &quot;clawId&quot;: &quot;claw_889fb20c80d850ca&quot;,
  &quot;action&quot;: &quot;User registered: David&quot;,
  &quot;result&quot;: &quot;success&quot;,
  &quot;ip&quot;: &quot;::ffff:127.0.0.1&quot;,
  &quot;publicKey&quot;: &quot;52deeded4e9498a3805b37397528a36234a9e834751f4cc7667326bee3656114&quot;
}

            </system-out>
        </testcase>
        <testcase classname="tests/e2e/circle-messaging-flow-parameterized.e2e.test.ts" name="E2E: Circle Messaging Flow [supabase] &gt; Complete Circle Journey &gt; should handle empty circles (no messages sent)" time="6.564290397">
            <system-out>
2026-02-17 04:27:33.110 [[32minfo[39m] AUDIT
{
  &quot;service&quot;: &quot;clawbuds-audit&quot;,
  &quot;event&quot;: &quot;user.register&quot;,
  &quot;clawId&quot;: &quot;claw_aaa9b307ca4b9cbd&quot;,
  &quot;action&quot;: &quot;User registered: Alice&quot;,
  &quot;result&quot;: &quot;success&quot;,
  &quot;ip&quot;: &quot;::ffff:127.0.0.1&quot;,
  &quot;publicKey&quot;: &quot;1d392c4a8337767854959ca87ddae1d3458528cd0af019b5cc3face8204b0c73&quot;
}

2026-02-17 04:27:33.878 [[32minfo[39m] AUDIT
{
  &quot;service&quot;: &quot;clawbuds-audit&quot;,
  &quot;event&quot;: &quot;user.register&quot;,
  &quot;clawId&quot;: &quot;claw_fc0941755f696899&quot;,
  &quot;action&quot;: &quot;User registered: Bob&quot;,
  &quot;result&quot;: &quot;success&quot;,
  &quot;ip&quot;: &quot;::ffff:127.0.0.1&quot;,
  &quot;publicKey&quot;: &quot;79c43f317f218f1c05c88c2fb8cbe471ce947a4c3b5fbe8286c39e20d49ba2ec&quot;
}

2026-02-17 04:27:34.624 [[32minfo[39m] AUDIT
{
  &quot;service&quot;: &quot;clawbuds-audit&quot;,
  &quot;event&quot;: &quot;user.register&quot;,
  &quot;clawId&quot;: &quot;claw_18c002019e709aad&quot;,
  &quot;action&quot;: &quot;User registered: Charlie&quot;,
  &quot;result&quot;: &quot;success&quot;,
  &quot;ip&quot;: &quot;::ffff:127.0.0.1&quot;,
  &quot;publicKey&quot;: &quot;21b97dc871309304a8e868fd605ab3493fb7755d74d69c2234f02e7764b00b6f&quot;
}

            </system-out>
        </testcase>
        <testcase classname="tests/e2e/circle-messaging-flow-parameterized.e2e.test.ts" name="E2E: Circle Messaging Flow [supabase] &gt; Complete Circle Journey &gt; should allow Circle members to react to messages" time="18.112821064">
            <system-out>
2026-02-17 04:27:39.720 [[32minfo[39m] AUDIT
{
  &quot;service&quot;: &quot;clawbuds-audit&quot;,
  &quot;event&quot;: &quot;user.register&quot;,
  &quot;clawId&quot;: &quot;claw_f555812c490756ca&quot;,
  &quot;action&quot;: &quot;User registered: Alice&quot;,
  &quot;result&quot;: &quot;success&quot;,
  &quot;ip&quot;: &quot;::ffff:127.0.0.1&quot;,
  &quot;publicKey&quot;: &quot;e171ed1fdcfc9144ba8927259e70b9b34bd27cba11f5201288c9e105c29ae4ee&quot;
}

2026-02-17 04:27:40.462 [[32minfo[39m] AUDIT
{
  &quot;service&quot;: &quot;clawbuds-audit&quot;,
  &quot;event&quot;: &quot;user.register&quot;,
  &quot;clawId&quot;: &quot;claw_5f2725415d7b3330&quot;,
  &quot;action&quot;: &quot;User registered: Bob&quot;,
  &quot;result&quot;: &quot;success&quot;,
  &quot;ip&quot;: &quot;::ffff:127.0.0.1&quot;,
  &quot;publicKey&quot;: &quot;925bad77baf05d24363d2e1229185530b335b5add66a499bae66857b6bf5de38&quot;
}

2026-02-17 04:27:41.225 [[32minfo[39m] AUDIT
{
  &quot;service&quot;: &quot;clawbuds-audit&quot;,
  &quot;event&quot;: &quot;user.register&quot;,
  &quot;clawId&quot;: &quot;claw_ea9f5c27d424fbe4&quot;,
  &quot;action&quot;: &quot;User registered: Charlie&quot;,
  &quot;result&quot;: &quot;success&quot;,
  &quot;ip&quot;: &quot;::ffff:127.0.0.1&quot;,
  &quot;publicKey&quot;: &quot;90c9363c66c39cdab98318c011322eef70e929e68c6ca0d779a536bfd589f543&quot;
}

            </system-out>
        </testcase>
        <testcase classname="tests/e2e/circle-messaging-flow-parameterized.e2e.test.ts" name="E2E: Circle Messaging Flow [supabase] &gt; Circle Name Resolution &gt; should handle non-existent circle names gracefully" time="6.639198298">
            <system-out>
2026-02-17 04:27:57.814 [[32minfo[39m] AUDIT
{
  &quot;service&quot;: &quot;clawbuds-audit&quot;,
  &quot;event&quot;: &quot;user.register&quot;,
  &quot;clawId&quot;: &quot;claw_6e8caead2b4b9115&quot;,
  &quot;action&quot;: &quot;User registered: Alice&quot;,
  &quot;result&quot;: &quot;success&quot;,
  &quot;ip&quot;: &quot;::ffff:127.0.0.1&quot;,
  &quot;publicKey&quot;: &quot;7564cafd43cb091b66e83335e4dfc83889c1ee1878bfa5f248b13af3ac30dc91&quot;
}

2026-02-17 04:27:58.572 [[32minfo[39m] AUDIT
{
  &quot;service&quot;: &quot;clawbuds-audit&quot;,
  &quot;event&quot;: &quot;user.register&quot;,
  &quot;clawId&quot;: &quot;claw_b112ba635fffc2e8&quot;,
  &quot;action&quot;: &quot;User registered: Bob&quot;,
  &quot;result&quot;: &quot;success&quot;,
  &quot;ip&quot;: &quot;::ffff:127.0.0.1&quot;,
  &quot;publicKey&quot;: &quot;84e26e4e2aafc87b88b27abbdeb5df0e6358394808f8348224401ed030c3f45a&quot;
}

2026-02-17 04:27:59.311 [[32minfo[39m] AUDIT
{
  &quot;service&quot;: &quot;clawbuds-audit&quot;,
  &quot;event&quot;: &quot;user.register&quot;,
  &quot;clawId&quot;: &quot;claw_d6fe4e7baebcee08&quot;,
  &quot;action&quot;: &quot;User registered: Charlie&quot;,
  &quot;result&quot;: &quot;success&quot;,
  &quot;ip&quot;: &quot;::ffff:127.0.0.1&quot;,
  &quot;publicKey&quot;: &quot;962d4ac9bb2588c59cad83f4333b947cc6f8d4a04c277f8e06d960c23ae0118b&quot;
}

            </system-out>
        </testcase>
        <testcase classname="tests/e2e/circle-messaging-flow-parameterized.e2e.test.ts" name="E2E: Circle Messaging Flow [supabase] &gt; Circle Name Resolution &gt; should prevent creating circles with duplicate names" time="5.434578743">
            <system-out>
2026-02-17 04:28:04.428 [[32minfo[39m] AUDIT
{
  &quot;service&quot;: &quot;clawbuds-audit&quot;,
  &quot;event&quot;: &quot;user.register&quot;,
  &quot;clawId&quot;: &quot;claw_ff9dc097ba0dc3d3&quot;,
  &quot;action&quot;: &quot;User registered: Alice&quot;,
  &quot;result&quot;: &quot;success&quot;,
  &quot;ip&quot;: &quot;::ffff:127.0.0.1&quot;,
  &quot;publicKey&quot;: &quot;34e06275d61a87349fec67a52cf3ffb1e9f25aeac4085037101c190dcdfb19c0&quot;
}

2026-02-17 04:28:05.175 [[32minfo[39m] AUDIT
{
  &quot;service&quot;: &quot;clawbuds-audit&quot;,
  &quot;event&quot;: &quot;user.register&quot;,
  &quot;clawId&quot;: &quot;claw_294276da71853a48&quot;,
  &quot;action&quot;: &quot;User registered: Bob&quot;,
  &quot;result&quot;: &quot;success&quot;,
  &quot;ip&quot;: &quot;::ffff:127.0.0.1&quot;,
  &quot;publicKey&quot;: &quot;a839ebd8b22ff7f68f028a980555abf40c85891dd2f13c46c09801fc1b2cdc6d&quot;
}

2026-02-17 04:28:05.938 [[32minfo[39m] AUDIT
{
  &quot;service&quot;: &quot;clawbuds-audit&quot;,
  &quot;event&quot;: &quot;user.register&quot;,
  &quot;clawId&quot;: &quot;claw_4f97d04db233fde7&quot;,
  &quot;action&quot;: &quot;User registered: Charlie&quot;,
  &quot;result&quot;: &quot;success&quot;,
  &quot;ip&quot;: &quot;::ffff:127.0.0.1&quot;,
  &quot;publicKey&quot;: &quot;b13233ba1d2ff0614e6716ca6916d8181d9cd08f05d49246f50559bf9ccff74c&quot;
}

            </system-out>
        </testcase>
        <testcase classname="tests/e2e/circle-messaging-flow-parameterized.e2e.test.ts" name="E2E: Circle Messaging Flow [supabase] &gt; Circle and Direct Message Interaction &gt; should allow mixing Circle and Direct messages" time="17.424467376">
            <system-out>
2026-02-17 04:28:09.877 [[32minfo[39m] AUDIT
{
  &quot;service&quot;: &quot;clawbuds-audit&quot;,
  &quot;event&quot;: &quot;user.register&quot;,
  &quot;clawId&quot;: &quot;claw_ae9ec09e5ad676e1&quot;,
  &quot;action&quot;: &quot;User registered: Alice&quot;,
  &quot;result&quot;: &quot;success&quot;,
  &quot;ip&quot;: &quot;::ffff:127.0.0.1&quot;,
  &quot;publicKey&quot;: &quot;fb11fb2a141f9be9e532fc080671c3cab536a0f1242f34a067bb503583ba9b0d&quot;
}

2026-02-17 04:28:10.619 [[32minfo[39m] AUDIT
{
  &quot;service&quot;: &quot;clawbuds-audit&quot;,
  &quot;event&quot;: &quot;user.register&quot;,
  &quot;clawId&quot;: &quot;claw_92c972dc585e67ed&quot;,
  &quot;action&quot;: &quot;User registered: Bob&quot;,
  &quot;result&quot;: &quot;success&quot;,
  &quot;ip&quot;: &quot;::ffff:127.0.0.1&quot;,
  &quot;publicKey&quot;: &quot;7a340b4e12c8b0a9ba8f8d6eea2c35cf85edc9d7459b32ad399e2476e16c22de&quot;
}

2026-02-17 04:28:11.350 [[32minfo[39m] AUDIT
{
  &quot;service&quot;: &quot;clawbuds-audit&quot;,
  &quot;event&quot;: &quot;user.register&quot;,
  &quot;clawId&quot;: &quot;claw_3d30cb8fc261264c&quot;,
  &quot;action&quot;: &quot;User registered: Charlie&quot;,
  &quot;result&quot;: &quot;success&quot;,
  &quot;ip&quot;: &quot;::ffff:127.0.0.1&quot;,
  &quot;publicKey&quot;: &quot;5a6b5f8c3b40fae886ab23181e0673c270b15d15e101a96530c33b578825b978&quot;
}

            </system-out>
        </testcase>
        <testcase classname="tests/e2e/circle-messaging-flow-parameterized.e2e.test.ts" name="E2E: Circle Messaging Flow [supabase] &gt; Repository Type Verification &gt; should be using supabase repository" time="2.279577324">
            <system-out>
2026-02-17 04:28:27.322 [[32minfo[39m] AUDIT
{
  &quot;service&quot;: &quot;clawbuds-audit&quot;,
  &quot;event&quot;: &quot;user.register&quot;,
  &quot;clawId&quot;: &quot;claw_8ffc1e5511d77baa&quot;,
  &quot;action&quot;: &quot;User registered: Alice&quot;,
  &quot;result&quot;: &quot;success&quot;,
  &quot;ip&quot;: &quot;::ffff:127.0.0.1&quot;,
  &quot;publicKey&quot;: &quot;bcc1cc24e7d5a07e533017e8a0d53c3fa3c2c6154742f9f10f1a4c084ce28233&quot;
}

2026-02-17 04:28:28.085 [[32minfo[39m] AUDIT
{
  &quot;service&quot;: &quot;clawbuds-audit&quot;,
  &quot;event&quot;: &quot;user.register&quot;,
  &quot;clawId&quot;: &quot;claw_35cc33f6c4d1a43c&quot;,
  &quot;action&quot;: &quot;User registered: Bob&quot;,
  &quot;result&quot;: &quot;success&quot;,
  &quot;ip&quot;: &quot;::ffff:127.0.0.1&quot;,
  &quot;publicKey&quot;: &quot;c5231bc99988fccd3dd69b8af0803f0e35fa8031e52b55a447eb200440c343e3&quot;
}

2026-02-17 04:28:28.835 [[32minfo[39m] AUDIT
{
  &quot;service&quot;: &quot;clawbuds-audit&quot;,
  &quot;event&quot;: &quot;user.register&quot;,
  &quot;clawId&quot;: &quot;claw_40338892b864fdbe&quot;,
  &quot;action&quot;: &quot;User registered: Charlie&quot;,
  &quot;result&quot;: &quot;success&quot;,
  &quot;ip&quot;: &quot;::ffff:127.0.0.1&quot;,
  &quot;publicKey&quot;: &quot;c3cc43580a7923c5a8a411644c575dff3d8d918286cae0c4b70525b37b268260&quot;
}

            </system-out>
        </testcase>
    </testsuite>
    <testsuite name="tests/e2e/circle-messaging-flow.e2e.test.ts" timestamp="2026-02-17T04:28:28.887Z" hostname="ip-172-31-37-183" tests="9" failures="0" errors="0" skipped="0" time="0.763831563">
        <testcase classname="tests/e2e/circle-messaging-flow.e2e.test.ts" name="E2E: Circle Creation to Group Messaging Flow &gt; Complete Circle Journey &gt; should complete: create circle → add friends → send message → verify selective delivery" time="0.23650804">
            <system-out>
2026-02-17 04:26:45.896 [[32minfo[39m] AUDIT
{
  &quot;service&quot;: &quot;clawbuds-audit&quot;,
  &quot;event&quot;: &quot;user.register&quot;,
  &quot;clawId&quot;: &quot;claw_c8bc73f1b23f2b15&quot;,
  &quot;action&quot;: &quot;User registered: Alice&quot;,
  &quot;result&quot;: &quot;success&quot;,
  &quot;ip&quot;: &quot;::ffff:127.0.0.1&quot;,
  &quot;publicKey&quot;: &quot;256e0c463f4c12e7ae12edeb0c602a46d10c96eec4d2d50923f0381e01006a61&quot;
}

2026-02-17 04:26:45.910 [[32minfo[39m] AUDIT
{
  &quot;service&quot;: &quot;clawbuds-audit&quot;,
  &quot;event&quot;: &quot;user.register&quot;,
  &quot;clawId&quot;: &quot;claw_88e86fce6e76f996&quot;,
  &quot;action&quot;: &quot;User registered: Bob&quot;,
  &quot;result&quot;: &quot;success&quot;,
  &quot;ip&quot;: &quot;::ffff:127.0.0.1&quot;,
  &quot;publicKey&quot;: &quot;403bb4eb78ef45de25f7286f2953fdfbf571d25d8ca97b6f8502524fa2372027&quot;
}

2026-02-17 04:26:45.920 [[32minfo[39m] AUDIT
{
  &quot;service&quot;: &quot;clawbuds-audit&quot;,
  &quot;event&quot;: &quot;user.register&quot;,
  &quot;clawId&quot;: &quot;claw_3b8252e096370cbc&quot;,
  &quot;action&quot;: &quot;User registered: Charlie&quot;,
  &quot;result&quot;: &quot;success&quot;,
  &quot;ip&quot;: &quot;::ffff:127.0.0.1&quot;,
  &quot;publicKey&quot;: &quot;7b57392c23d60fc5f151c1079d45ab6f12beba6d053c9b4246b9fa0251ca897c&quot;
}

            </system-out>
        </testcase>
        <testcase classname="tests/e2e/circle-messaging-flow.e2e.test.ts" name="E2E: Circle Creation to Group Messaging Flow &gt; Complete Circle Journey &gt; should prevent adding non-friend to circle" time="0.062378469">
            <system-out>
2026-02-17 04:26:46.041 [[32minfo[39m] AUDIT
{
  &quot;service&quot;: &quot;clawbuds-audit&quot;,
  &quot;event&quot;: &quot;user.register&quot;,
  &quot;clawId&quot;: &quot;claw_956f72def17012d7&quot;,
  &quot;action&quot;: &quot;User registered: Alice&quot;,
  &quot;result&quot;: &quot;success&quot;,
  &quot;ip&quot;: &quot;::ffff:127.0.0.1&quot;,
  &quot;publicKey&quot;: &quot;fc7ba8f858727a4548e7ca547130138264d126c12b1566f95310659517ef4c30&quot;
}

2026-02-17 04:26:46.047 [[32minfo[39m] AUDIT
{
  &quot;service&quot;: &quot;clawbuds-audit&quot;,
  &quot;event&quot;: &quot;user.register&quot;,
  &quot;clawId&quot;: &quot;claw_fc920ac379fdc4f5&quot;,
  &quot;action&quot;: &quot;User registered: Bob&quot;,
  &quot;result&quot;: &quot;success&quot;,
  &quot;ip&quot;: &quot;::ffff:127.0.0.1&quot;,
  &quot;publicKey&quot;: &quot;0b765a28b4ea54a0138db7ffc7e280131874d9d49c87f79b396ad38e8a17d903&quot;
}

2026-02-17 04:26:46.051 [[32minfo[39m] AUDIT
{
  &quot;service&quot;: &quot;clawbuds-audit&quot;,
  &quot;event&quot;: &quot;user.register&quot;,
  &quot;clawId&quot;: &quot;claw_8012af3fbcc44a6a&quot;,
  &quot;action&quot;: &quot;User registered: Charlie&quot;,
  &quot;result&quot;: &quot;success&quot;,
  &quot;ip&quot;: &quot;::ffff:127.0.0.1&quot;,
  &quot;publicKey&quot;: &quot;d8124ebf7753fc3a9a92f5933fe2da257c15ee48728a4d2a9c2bf08bc7ebe135&quot;
}

            </system-out>
        </testcase>
        <testcase classname="tests/e2e/circle-messaging-flow.e2e.test.ts" name="E2E: Circle Creation to Group Messaging Flow &gt; Complete Circle Journey &gt; should handle multiple circles with overlapping members" time="0.106387627">
            <system-out>
2026-02-17 04:26:46.103 [[32minfo[39m] AUDIT
{
  &quot;service&quot;: &quot;clawbuds-audit&quot;,
  &quot;event&quot;: &quot;user.register&quot;,
  &quot;clawId&quot;: &quot;claw_55ac7c9c445332bc&quot;,
  &quot;action&quot;: &quot;User registered: Alice&quot;,
  &quot;result&quot;: &quot;success&quot;,
  &quot;ip&quot;: &quot;::ffff:127.0.0.1&quot;,
  &quot;publicKey&quot;: &quot;0a90503d7328a5046369efac25474a353988a1c171a8a6f7a4963a43434d3dac&quot;
}

2026-02-17 04:26:46.108 [[32minfo[39m] AUDIT
{
  &quot;service&quot;: &quot;clawbuds-audit&quot;,
  &quot;event&quot;: &quot;user.register&quot;,
  &quot;clawId&quot;: &quot;claw_f3fc4101e5e8cbac&quot;,
  &quot;action&quot;: &quot;User registered: Bob&quot;,
  &quot;result&quot;: &quot;success&quot;,
  &quot;ip&quot;: &quot;::ffff:127.0.0.1&quot;,
  &quot;publicKey&quot;: &quot;72a4c46cc9fdcbcf435d55b293fbd8b40489fb9cd476eed09beb38ad40a937c8&quot;
}

2026-02-17 04:26:46.112 [[32minfo[39m] AUDIT
{
  &quot;service&quot;: &quot;clawbuds-audit&quot;,
  &quot;event&quot;: &quot;user.register&quot;,
  &quot;clawId&quot;: &quot;claw_d01d7ac504e5255f&quot;,
  &quot;action&quot;: &quot;User registered: Charlie&quot;,
  &quot;result&quot;: &quot;success&quot;,
  &quot;ip&quot;: &quot;::ffff:127.0.0.1&quot;,
  &quot;publicKey&quot;: &quot;19b3a0c598dcfafdfac49ca8342ff0b3829bd1534c4d40d480e21e45377313ed&quot;
}

2026-02-17 04:26:46.117 [[32minfo[39m] AUDIT
{
  &quot;service&quot;: &quot;clawbuds-audit&quot;,
  &quot;event&quot;: &quot;user.register&quot;,
  &quot;clawId&quot;: &quot;claw_a67c7cf24d7ff1df&quot;,
  &quot;action&quot;: &quot;User registered: David&quot;,
  &quot;result&quot;: &quot;success&quot;,
  &quot;ip&quot;: &quot;::ffff:127.0.0.1&quot;,
  &quot;publicKey&quot;: &quot;c003c6fc1c29f04e7705bdae2388078a60db5cc8e189096c5d044c6c02428134&quot;
}

            </system-out>
        </testcase>
        <testcase classname="tests/e2e/circle-messaging-flow.e2e.test.ts" name="E2E: Circle Creation to Group Messaging Flow &gt; Complete Circle Journey &gt; should support sending to multiple circles simultaneously" time="0.101599067">
            <system-out>
2026-02-17 04:26:46.210 [[32minfo[39m] AUDIT
{
  &quot;service&quot;: &quot;clawbuds-audit&quot;,
  &quot;event&quot;: &quot;user.register&quot;,
  &quot;clawId&quot;: &quot;claw_327fe41ae6f08926&quot;,
  &quot;action&quot;: &quot;User registered: Alice&quot;,
  &quot;result&quot;: &quot;success&quot;,
  &quot;ip&quot;: &quot;::ffff:127.0.0.1&quot;,
  &quot;publicKey&quot;: &quot;2c3bd4362ad0f0157eb284ceb80db6365f221fb48aad849be84231f1375f4310&quot;
}

2026-02-17 04:26:46.215 [[32minfo[39m] AUDIT
{
  &quot;service&quot;: &quot;clawbuds-audit&quot;,
  &quot;event&quot;: &quot;user.register&quot;,
  &quot;clawId&quot;: &quot;claw_74779595885cc641&quot;,
  &quot;action&quot;: &quot;User registered: Bob&quot;,
  &quot;result&quot;: &quot;success&quot;,
  &quot;ip&quot;: &quot;::ffff:127.0.0.1&quot;,
  &quot;publicKey&quot;: &quot;9605030eb082263680cd8320f7934f1137ac37d5ce4512cbd182c039e5e1c9d4&quot;
}

2026-02-17 04:26:46.219 [[32minfo[39m] AUDIT
{
  &quot;service&quot;: &quot;clawbuds-audit&quot;,
  &quot;event&quot;: &quot;user.register&quot;,
  &quot;clawId&quot;: &quot;claw_14f55e6f2fc68b5a&quot;,
  &quot;action&quot;: &quot;User registered: Charlie&quot;,
  &quot;result&quot;: &quot;success&quot;,
  &quot;ip&quot;: &quot;::ffff:127.0.0.1&quot;,
  &quot;publicKey&quot;: &quot;59ff61fe6734bad49bdce4685917ed86cf72fbb0003794e5a54999e1159cbd76&quot;
}

2026-02-17 04:26:46.223 [[32minfo[39m] AUDIT
{
  &quot;service&quot;: &quot;clawbuds-audit&quot;,
  &quot;event&quot;: &quot;user.register&quot;,
  &quot;clawId&quot;: &quot;claw_40bb3df307c3ecd4&quot;,
  &quot;action&quot;: &quot;User registered: David&quot;,
  &quot;result&quot;: &quot;success&quot;,
  &quot;ip&quot;: &quot;::ffff:127.0.0.1&quot;,
  &quot;publicKey&quot;: &quot;018426cebe6404eadb5d88c59b32e359a938b96a63be57181366b0ff19093ef3&quot;
}

            </system-out>
        </testcase>
        <testcase classname="tests/e2e/circle-messaging-flow.e2e.test.ts" name="E2E: Circle Creation to Group Messaging Flow &gt; Complete Circle Journey &gt; should handle empty circles (no messages sent)" time="0.040700696">
            <system-out>
2026-02-17 04:26:46.311 [[32minfo[39m] AUDIT
{
  &quot;service&quot;: &quot;clawbuds-audit&quot;,
  &quot;event&quot;: &quot;user.register&quot;,
  &quot;clawId&quot;: &quot;claw_4e0d94650a63386e&quot;,
  &quot;action&quot;: &quot;User registered: Alice&quot;,
  &quot;result&quot;: &quot;success&quot;,
  &quot;ip&quot;: &quot;::ffff:127.0.0.1&quot;,
  &quot;publicKey&quot;: &quot;fbe3c5389115f03da5d52a071fcb41964b31dea42c3c57e8c52da0fc012e905d&quot;
}

2026-02-17 04:26:46.316 [[32minfo[39m] AUDIT
{
  &quot;service&quot;: &quot;clawbuds-audit&quot;,
  &quot;event&quot;: &quot;user.register&quot;,
  &quot;clawId&quot;: &quot;claw_a8ba8c3fc9f9ddb8&quot;,
  &quot;action&quot;: &quot;User registered: Bob&quot;,
  &quot;result&quot;: &quot;success&quot;,
  &quot;ip&quot;: &quot;::ffff:127.0.0.1&quot;,
  &quot;publicKey&quot;: &quot;03ef867c876700cf14edcaa0d4b5072eb61ddeb975d8677d3f6a7e5bdbad0a02&quot;
}

2026-02-17 04:26:46.320 [[32minfo[39m] AUDIT
{
  &quot;service&quot;: &quot;clawbuds-audit&quot;,
  &quot;event&quot;: &quot;user.register&quot;,
  &quot;clawId&quot;: &quot;claw_4332e3fa731b5410&quot;,
  &quot;action&quot;: &quot;User registered: Charlie&quot;,
  &quot;result&quot;: &quot;success&quot;,
  &quot;ip&quot;: &quot;::ffff:127.0.0.1&quot;,
  &quot;publicKey&quot;: &quot;83a201233fab2abfbbf10046b47fada01ff885ba6ef9de08b30252e97c632fd4&quot;
}

            </system-out>
        </testcase>
        <testcase classname="tests/e2e/circle-messaging-flow.e2e.test.ts" name="E2E: Circle Creation to Group Messaging Flow &gt; Complete Circle Journey &gt; should allow Circle members to react to messages" time="0.070994605">
            <system-out>
2026-02-17 04:26:46.351 [[32minfo[39m] AUDIT
{
  &quot;service&quot;: &quot;clawbuds-audit&quot;,
  &quot;event&quot;: &quot;user.register&quot;,
  &quot;clawId&quot;: &quot;claw_47c8781cd86a053c&quot;,
  &quot;action&quot;: &quot;User registered: Alice&quot;,
  &quot;result&quot;: &quot;success&quot;,
  &quot;ip&quot;: &quot;::ffff:127.0.0.1&quot;,
  &quot;publicKey&quot;: &quot;fc39b20e5168624a2a8c656db12b66b409e3cdd0b212a516708aa66af98dacb3&quot;
}

2026-02-17 04:26:46.355 [[32minfo[39m] AUDIT
{
  &quot;service&quot;: &quot;clawbuds-audit&quot;,
  &quot;event&quot;: &quot;user.register&quot;,
  &quot;clawId&quot;: &quot;claw_bbadcf9f2de201a9&quot;,
  &quot;action&quot;: &quot;User registered: Bob&quot;,
  &quot;result&quot;: &quot;success&quot;,
  &quot;ip&quot;: &quot;::ffff:127.0.0.1&quot;,
  &quot;publicKey&quot;: &quot;4d38b7af43fa6e247c1e312225e277ad41c8db24e10233a1ed58c44665cb4b8a&quot;
}

2026-02-17 04:26:46.359 [[32minfo[39m] AUDIT
{
  &quot;service&quot;: &quot;clawbuds-audit&quot;,
  &quot;event&quot;: &quot;user.register&quot;,
  &quot;clawId&quot;: &quot;claw_ce33fa52c161c365&quot;,
  &quot;action&quot;: &quot;User registered: Charlie&quot;,
  &quot;result&quot;: &quot;success&quot;,
  &quot;ip&quot;: &quot;::ffff:127.0.0.1&quot;,
  &quot;publicKey&quot;: &quot;962324d735392b5b7db1d3535c8245a8c59cba262a61ee5ade0d0b34b243adb2&quot;
}

            </system-out>
        </testcase>
        <testcase classname="tests/e2e/circle-messaging-flow.e2e.test.ts" name="E2E: Circle Creation to Group Messaging Flow &gt; Circle Name Resolution &gt; should handle non-existent circle names gracefully" time="0.039231566">
            <system-out>
2026-02-17 04:26:46.422 [[32minfo[39m] AUDIT
{
  &quot;service&quot;: &quot;clawbuds-audit&quot;,
  &quot;event&quot;: &quot;user.register&quot;,
  &quot;clawId&quot;: &quot;claw_5afa5acc9358aef8&quot;,
  &quot;action&quot;: &quot;User registered: Alice&quot;,
  &quot;result&quot;: &quot;success&quot;,
  &quot;ip&quot;: &quot;::ffff:127.0.0.1&quot;,
  &quot;publicKey&quot;: &quot;000ef6eb4d1ca88f596e8eeb58eb8b1a482b37e9629573f3edd428fbc6dd5ae9&quot;
}

2026-02-17 04:26:46.428 [[32minfo[39m] AUDIT
{
  &quot;service&quot;: &quot;clawbuds-audit&quot;,
  &quot;event&quot;: &quot;user.register&quot;,
  &quot;clawId&quot;: &quot;claw_850225c12f0809f4&quot;,
  &quot;action&quot;: &quot;User registered: Bob&quot;,
  &quot;result&quot;: &quot;success&quot;,
  &quot;ip&quot;: &quot;::ffff:127.0.0.1&quot;,
  &quot;publicKey&quot;: &quot;2aa7a526f078abb899d0f749fb9b980a4d8aa4b7a946ac4cdd2265d273cf89ea&quot;
}

2026-02-17 04:26:46.431 [[32minfo[39m] AUDIT
{
  &quot;service&quot;: &quot;clawbuds-audit&quot;,
  &quot;event&quot;: &quot;user.register&quot;,
  &quot;clawId&quot;: &quot;claw_dba5af98b5faec50&quot;,
  &quot;action&quot;: &quot;User registered: Charlie&quot;,
  &quot;result&quot;: &quot;success&quot;,
  &quot;ip&quot;: &quot;::ffff:127.0.0.1&quot;,
  &quot;publicKey&quot;: &quot;f84cc644318509bc6abd1abae8a820cf65cb033a21dd9fd93f43468fe8747f0c&quot;
}

            </system-out>
        </testcase>
        <testcase classname="tests/e2e/circle-messaging-flow.e2e.test.ts" name="E2E: Circle Creation to Group Messaging Flow &gt; Circle Name Resolution &gt; should prevent creating circles with duplicate names" time="0.033870661">
            <system-out>
2026-02-17 04:26:46.462 [[32minfo[39m] AUDIT
{
  &quot;service&quot;: &quot;clawbuds-audit&quot;,
  &quot;event&quot;: &quot;user.register&quot;,
  &quot;clawId&quot;: &quot;claw_6a9063a87c6521a0&quot;,
  &quot;action&quot;: &quot;User registered: Alice&quot;,
  &quot;result&quot;: &quot;success&quot;,
  &quot;ip&quot;: &quot;::ffff:127.0.0.1&quot;,
  &quot;publicKey&quot;: &quot;8067c241dd984b249d8ca3555cb9f1bf8ef2cb10edb81d343f9ce08dad60cefc&quot;
}

2026-02-17 04:26:46.465 [[32minfo[39m] AUDIT
{
  &quot;service&quot;: &quot;clawbuds-audit&quot;,
  &quot;event&quot;: &quot;user.register&quot;,
  &quot;clawId&quot;: &quot;claw_84be296596b05215&quot;,
  &quot;action&quot;: &quot;User registered: Bob&quot;,
  &quot;result&quot;: &quot;success&quot;,
  &quot;ip&quot;: &quot;::ffff:127.0.0.1&quot;,
  &quot;publicKey&quot;: &quot;83256c53de1bee7caa4ad97acb474e1bfda728318a3048bfe1f6140974a1227c&quot;
}

2026-02-17 04:26:46.469 [[32minfo[39m] AUDIT
{
  &quot;service&quot;: &quot;clawbuds-audit&quot;,
  &quot;event&quot;: &quot;user.register&quot;,
  &quot;clawId&quot;: &quot;claw_18447ed34c70d080&quot;,
  &quot;action&quot;: &quot;User registered: Charlie&quot;,
  &quot;result&quot;: &quot;success&quot;,
  &quot;ip&quot;: &quot;::ffff:127.0.0.1&quot;,
  &quot;publicKey&quot;: &quot;ede839adefc3d2caeb86bc28d3413d5b4c114b40ae3fb72be9398d2f89288d2a&quot;
}

            </system-out>
        </testcase>
        <testcase classname="tests/e2e/circle-messaging-flow.e2e.test.ts" name="E2E: Circle Creation to Group Messaging Flow &gt; Circle and Direct Message Interaction &gt; should allow mixing Circle and Direct messages" time="0.070415381">
            <system-out>
2026-02-17 04:26:46.497 [[32minfo[39m] AUDIT
{
  &quot;service&quot;: &quot;clawbuds-audit&quot;,
  &quot;event&quot;: &quot;user.register&quot;,
  &quot;clawId&quot;: &quot;claw_867d625c7aaedd9a&quot;,
  &quot;action&quot;: &quot;User registered: Alice&quot;,
  &quot;result&quot;: &quot;success&quot;,
  &quot;ip&quot;: &quot;::ffff:127.0.0.1&quot;,
  &quot;publicKey&quot;: &quot;ae07b541624d8fc97073b692030b127b80b3f4f2fede02e5ac55e90320c82bcc&quot;
}

2026-02-17 04:26:46.501 [[32minfo[39m] AUDIT
{
  &quot;service&quot;: &quot;clawbuds-audit&quot;,
  &quot;event&quot;: &quot;user.register&quot;,
  &quot;clawId&quot;: &quot;claw_e3866e47ef99fd79&quot;,
  &quot;action&quot;: &quot;User registered: Bob&quot;,
  &quot;result&quot;: &quot;success&quot;,
  &quot;ip&quot;: &quot;::ffff:127.0.0.1&quot;,
  &quot;publicKey&quot;: &quot;b5b7a3a2aef6255a247d808879cd5a18f716de42801e395b068db39267baf593&quot;
}

2026-02-17 04:26:46.504 [[32minfo[39m] AUDIT
{
  &quot;service&quot;: &quot;clawbuds-audit&quot;,
  &quot;event&quot;: &quot;user.register&quot;,
  &quot;clawId&quot;: &quot;claw_4d478bbfe943f26e&quot;,
  &quot;action&quot;: &quot;User registered: Charlie&quot;,
  &quot;result&quot;: &quot;success&quot;,
  &quot;ip&quot;: &quot;::ffff:127.0.0.1&quot;,
  &quot;publicKey&quot;: &quot;cff324969c9f0079630b78bfdc771f4787f17ec1c704df3acfe77716eb24398b&quot;
}

            </system-out>
        </testcase>
    </testsuite>
    <testsuite name="tests/e2e/content-sharing-flow-parameterized.e2e.test.ts" timestamp="2026-02-17T04:28:28.892Z" hostname="ip-172-31-37-183" tests="12" failures="0" errors="0" skipped="0" time="53.977812542">
        <testcase classname="tests/e2e/content-sharing-flow-parameterized.e2e.test.ts" name="E2E: Content Sharing Flow [sqlite] &gt; Complete Content Sharing Journey &gt; should complete: upload file → send message → receive → react" time="0.231471568">
            <system-out>
2026-02-17 04:26:08.311 [[32minfo[39m] AUDIT
{
  &quot;service&quot;: &quot;clawbuds-audit&quot;,
  &quot;event&quot;: &quot;user.register&quot;,
  &quot;clawId&quot;: &quot;claw_e6d5aa2e0af33681&quot;,
  &quot;action&quot;: &quot;User registered: Alice&quot;,
  &quot;result&quot;: &quot;success&quot;,
  &quot;ip&quot;: &quot;::ffff:127.0.0.1&quot;,
  &quot;publicKey&quot;: &quot;07889a98ab2e3f66f5ca2f21edcc6df8e270b24c9a823137752f25bacba49bdc&quot;
}

2026-02-17 04:26:08.325 [[32minfo[39m] AUDIT
{
  &quot;service&quot;: &quot;clawbuds-audit&quot;,
  &quot;event&quot;: &quot;user.register&quot;,
  &quot;clawId&quot;: &quot;claw_b9666ba16be0bb3d&quot;,
  &quot;action&quot;: &quot;User registered: Bob&quot;,
  &quot;result&quot;: &quot;success&quot;,
  &quot;ip&quot;: &quot;::ffff:127.0.0.1&quot;,
  &quot;publicKey&quot;: &quot;6876e6655cb64ff67a720411a190615269c49f69e20ccc682c8d77a9b9fd9b28&quot;
}

2026-02-17 04:26:08.368 [[32minfo[39m] AUDIT
{
  &quot;service&quot;: &quot;clawbuds-audit&quot;,
  &quot;event&quot;: &quot;file.upload&quot;,
  &quot;clawId&quot;: &quot;claw_e6d5aa2e0af33681&quot;,
  &quot;targetId&quot;: &quot;068767fe-3a04-42ba-92c1-a4e5965aa067&quot;,
  &quot;action&quot;: &quot;File uploaded: photo.jpg&quot;,
  &quot;result&quot;: &quot;success&quot;,
  &quot;ip&quot;: &quot;::ffff:127.0.0.1&quot;,
  &quot;filename&quot;: &quot;photo.jpg&quot;,
  &quot;mimeType&quot;: &quot;image/jpeg&quot;,
  &quot;size&quot;: 102400
}

            </system-out>
        </testcase>
        <testcase classname="tests/e2e/content-sharing-flow-parameterized.e2e.test.ts" name="E2E: Content Sharing Flow [sqlite] &gt; Complete Content Sharing Journey &gt; should prevent non-friend from accessing shared image" time="0.072488363">
            <system-out>
2026-02-17 04:26:08.433 [[32minfo[39m] AUDIT
{
  &quot;service&quot;: &quot;clawbuds-audit&quot;,
  &quot;event&quot;: &quot;user.register&quot;,
  &quot;clawId&quot;: &quot;claw_2e859ec7eb3ec7ec&quot;,
  &quot;action&quot;: &quot;User registered: Alice&quot;,
  &quot;result&quot;: &quot;success&quot;,
  &quot;ip&quot;: &quot;::ffff:127.0.0.1&quot;,
  &quot;publicKey&quot;: &quot;75d26a1c98fc2d8c67cfdf0b007b50c3d8a104ec7a070892a57fb0e5ac07166a&quot;
}

2026-02-17 04:26:08.439 [[32minfo[39m] AUDIT
{
  &quot;service&quot;: &quot;clawbuds-audit&quot;,
  &quot;event&quot;: &quot;user.register&quot;,
  &quot;clawId&quot;: &quot;claw_d1af4e4020ac8bc1&quot;,
  &quot;action&quot;: &quot;User registered: Bob&quot;,
  &quot;result&quot;: &quot;success&quot;,
  &quot;ip&quot;: &quot;::ffff:127.0.0.1&quot;,
  &quot;publicKey&quot;: &quot;28f09241bd770a2c62f027d2d55940c82c2614abcb40f5f8e0c9360812e3f8fd&quot;
}

2026-02-17 04:26:08.444 [[32minfo[39m] AUDIT
{
  &quot;service&quot;: &quot;clawbuds-audit&quot;,
  &quot;event&quot;: &quot;user.register&quot;,
  &quot;clawId&quot;: &quot;claw_ee7226127cefb1a3&quot;,
  &quot;action&quot;: &quot;User registered: Charlie&quot;,
  &quot;result&quot;: &quot;success&quot;,
  &quot;ip&quot;: &quot;::ffff:127.0.0.1&quot;,
  &quot;publicKey&quot;: &quot;1109bc7d45177644c71c28369564583f0892d2422f1dfb3d760ba62ad5917aed&quot;
}

2026-02-17 04:26:08.466 [[32minfo[39m] AUDIT
{
  &quot;service&quot;: &quot;clawbuds-audit&quot;,
  &quot;event&quot;: &quot;file.upload&quot;,
  &quot;clawId&quot;: &quot;claw_2e859ec7eb3ec7ec&quot;,
  &quot;targetId&quot;: &quot;75ec9645-ff06-4b02-9190-093bb6b95cd9&quot;,
  &quot;action&quot;: &quot;File uploaded: private.jpg&quot;,
  &quot;result&quot;: &quot;success&quot;,
  &quot;ip&quot;: &quot;::ffff:127.0.0.1&quot;,
  &quot;filename&quot;: &quot;private.jpg&quot;,
  &quot;mimeType&quot;: &quot;image/jpeg&quot;,
  &quot;size&quot;: 1024
}

            </system-out>
        </testcase>
        <testcase classname="tests/e2e/content-sharing-flow-parameterized.e2e.test.ts" name="E2E: Content Sharing Flow [sqlite] &gt; Complete Content Sharing Journey &gt; should allow mixing text-only and image messages" time="0.071406645">
            <system-out>
2026-02-17 04:26:08.502 [[32minfo[39m] AUDIT
{
  &quot;service&quot;: &quot;clawbuds-audit&quot;,
  &quot;event&quot;: &quot;user.register&quot;,
  &quot;clawId&quot;: &quot;claw_fbcb6a358072fae2&quot;,
  &quot;action&quot;: &quot;User registered: Alice&quot;,
  &quot;result&quot;: &quot;success&quot;,
  &quot;ip&quot;: &quot;::ffff:127.0.0.1&quot;,
  &quot;publicKey&quot;: &quot;80cedff31c6636e64f758c9782d4c914e1cbee354cc2e3192844c1345a0bd1b7&quot;
}

2026-02-17 04:26:08.507 [[32minfo[39m] AUDIT
{
  &quot;service&quot;: &quot;clawbuds-audit&quot;,
  &quot;event&quot;: &quot;user.register&quot;,
  &quot;clawId&quot;: &quot;claw_94469f607dd284eb&quot;,
  &quot;action&quot;: &quot;User registered: Bob&quot;,
  &quot;result&quot;: &quot;success&quot;,
  &quot;ip&quot;: &quot;::ffff:127.0.0.1&quot;,
  &quot;publicKey&quot;: &quot;a14caece25ec11404f53f234e269042084b7ec24d425e370045562714f2179da&quot;
}

2026-02-17 04:26:08.532 [[32minfo[39m] AUDIT
{
  &quot;service&quot;: &quot;clawbuds-audit&quot;,
  &quot;event&quot;: &quot;file.upload&quot;,
  &quot;clawId&quot;: &quot;claw_fbcb6a358072fae2&quot;,
  &quot;targetId&quot;: &quot;67ec46c5-69c1-4db5-8276-763f5e3cc1f9&quot;,
  &quot;action&quot;: &quot;File uploaded: report.jpg&quot;,
  &quot;result&quot;: &quot;success&quot;,
  &quot;ip&quot;: &quot;::ffff:127.0.0.1&quot;,
  &quot;filename&quot;: &quot;report.jpg&quot;,
  &quot;mimeType&quot;: &quot;image/jpeg&quot;,
  &quot;size&quot;: 1024
}

            </system-out>
        </testcase>
        <testcase classname="tests/e2e/content-sharing-flow-parameterized.e2e.test.ts" name="E2E: Content Sharing Flow [sqlite] &gt; Multiple File Uploads &gt; should support multiple images in single message" time="0.073338091">
            <system-out>
2026-02-17 04:26:08.575 [[32minfo[39m] AUDIT
{
  &quot;service&quot;: &quot;clawbuds-audit&quot;,
  &quot;event&quot;: &quot;user.register&quot;,
  &quot;clawId&quot;: &quot;claw_f69eda05bfba235c&quot;,
  &quot;action&quot;: &quot;User registered: Alice&quot;,
  &quot;result&quot;: &quot;success&quot;,
  &quot;ip&quot;: &quot;::ffff:127.0.0.1&quot;,
  &quot;publicKey&quot;: &quot;ce1820091d7c2613650aec2f0216dbdea33a51cf164a3707dfcda81581430f3c&quot;
}

2026-02-17 04:26:08.579 [[32minfo[39m] AUDIT
{
  &quot;service&quot;: &quot;clawbuds-audit&quot;,
  &quot;event&quot;: &quot;user.register&quot;,
  &quot;clawId&quot;: &quot;claw_1536e9f623673aa6&quot;,
  &quot;action&quot;: &quot;User registered: Bob&quot;,
  &quot;result&quot;: &quot;success&quot;,
  &quot;ip&quot;: &quot;::ffff:127.0.0.1&quot;,
  &quot;publicKey&quot;: &quot;89110216673a8c8eab171fec0292ff2603f63f8c96a0023876e9779c7bbddb45&quot;
}

2026-02-17 04:26:08.596 [[32minfo[39m] AUDIT
{
  &quot;service&quot;: &quot;clawbuds-audit&quot;,
  &quot;event&quot;: &quot;file.upload&quot;,
  &quot;clawId&quot;: &quot;claw_f69eda05bfba235c&quot;,
  &quot;targetId&quot;: &quot;baf1a899-c5ff-452d-bf12-22372026463e&quot;,
  &quot;action&quot;: &quot;File uploaded: photo1.jpg&quot;,
  &quot;result&quot;: &quot;success&quot;,
  &quot;ip&quot;: &quot;::ffff:127.0.0.1&quot;,
  &quot;filename&quot;: &quot;photo1.jpg&quot;,
  &quot;mimeType&quot;: &quot;image/jpeg&quot;,
  &quot;size&quot;: 1024
}

2026-02-17 04:26:08.604 [[32minfo[39m] AUDIT
{
  &quot;service&quot;: &quot;clawbuds-audit&quot;,
  &quot;event&quot;: &quot;file.upload&quot;,
  &quot;clawId&quot;: &quot;claw_f69eda05bfba235c&quot;,
  &quot;targetId&quot;: &quot;9cb23b20-d524-4a17-8e32-77f673277447&quot;,
  &quot;action&quot;: &quot;File uploaded: photo2.jpg&quot;,
  &quot;result&quot;: &quot;success&quot;,
  &quot;ip&quot;: &quot;::ffff:127.0.0.1&quot;,
  &quot;filename&quot;: &quot;photo2.jpg&quot;,
  &quot;mimeType&quot;: &quot;image/jpeg&quot;,
  &quot;size&quot;: 1024
}

2026-02-17 04:26:08.613 [[32minfo[39m] AUDIT
{
  &quot;service&quot;: &quot;clawbuds-audit&quot;,
  &quot;event&quot;: &quot;file.upload&quot;,
  &quot;clawId&quot;: &quot;claw_f69eda05bfba235c&quot;,
  &quot;targetId&quot;: &quot;c8f326f2-6c1c-4473-a90c-1647bb35db89&quot;,
  &quot;action&quot;: &quot;File uploaded: photo3.jpg&quot;,
  &quot;result&quot;: &quot;success&quot;,
  &quot;ip&quot;: &quot;::ffff:127.0.0.1&quot;,
  &quot;filename&quot;: &quot;photo3.jpg&quot;,
  &quot;mimeType&quot;: &quot;image/jpeg&quot;,
  &quot;size&quot;: 1024
}

            </system-out>
        </testcase>
        <testcase classname="tests/e2e/content-sharing-flow-parameterized.e2e.test.ts" name="E2E: Content Sharing Flow [sqlite] &gt; Multiple File Uploads &gt; should handle large image uploads within limits" time="0.15863619">
            <system-out>
2026-02-17 04:26:08.648 [[32minfo[39m] AUDIT
{
  &quot;service&quot;: &quot;clawbuds-audit&quot;,
  &quot;event&quot;: &quot;user.register&quot;,
  &quot;clawId&quot;: &quot;claw_4b2d74cf00128ee6&quot;,
  &quot;action&quot;: &quot;User registered: Alice&quot;,
  &quot;result&quot;: &quot;success&quot;,
  &quot;ip&quot;: &quot;::ffff:127.0.0.1&quot;,
  &quot;publicKey&quot;: &quot;d75a8f7ab803e33658db89d713b9703abcc51560272b09bd886ae91345f55c0f&quot;
}

2026-02-17 04:26:08.652 [[32minfo[39m] AUDIT
{
  &quot;service&quot;: &quot;clawbuds-audit&quot;,
  &quot;event&quot;: &quot;user.register&quot;,
  &quot;clawId&quot;: &quot;claw_e01b26b2d79a669f&quot;,
  &quot;action&quot;: &quot;User registered: Bob&quot;,
  &quot;result&quot;: &quot;success&quot;,
  &quot;ip&quot;: &quot;::ffff:127.0.0.1&quot;,
  &quot;publicKey&quot;: &quot;cce96f138303e303f284caf71d90ffb8ce994af37391d2e9610e2d8eb7a608bb&quot;
}

2026-02-17 04:26:08.748 [[32minfo[39m] AUDIT
{
  &quot;service&quot;: &quot;clawbuds-audit&quot;,
  &quot;event&quot;: &quot;file.upload&quot;,
  &quot;clawId&quot;: &quot;claw_4b2d74cf00128ee6&quot;,
  &quot;targetId&quot;: &quot;26e19002-1fc6-4a62-8be5-6e0a30d6fefd&quot;,
  &quot;action&quot;: &quot;File uploaded: large-image.jpg&quot;,
  &quot;result&quot;: &quot;success&quot;,
  &quot;ip&quot;: &quot;::ffff:127.0.0.1&quot;,
  &quot;filename&quot;: &quot;large-image.jpg&quot;,
  &quot;mimeType&quot;: &quot;image/jpeg&quot;,
  &quot;size&quot;: 8388608
}

            </system-out>
        </testcase>
        <testcase classname="tests/e2e/content-sharing-flow-parameterized.e2e.test.ts" name="E2E: Content Sharing Flow [sqlite] &gt; Repository Type Verification &gt; should be using sqlite repository" time="0.019666189">
            <system-out>
2026-02-17 04:26:08.807 [[32minfo[39m] AUDIT
{
  &quot;service&quot;: &quot;clawbuds-audit&quot;,
  &quot;event&quot;: &quot;user.register&quot;,
  &quot;clawId&quot;: &quot;claw_d89b36c8909b15a4&quot;,
  &quot;action&quot;: &quot;User registered: Alice&quot;,
  &quot;result&quot;: &quot;success&quot;,
  &quot;ip&quot;: &quot;::ffff:127.0.0.1&quot;,
  &quot;publicKey&quot;: &quot;cb8dc18bcb0b67ef7c27f20ca3fa556a86b6d6421b5e8a71782e649d013cd157&quot;
}

2026-02-17 04:26:08.811 [[32minfo[39m] AUDIT
{
  &quot;service&quot;: &quot;clawbuds-audit&quot;,
  &quot;event&quot;: &quot;user.register&quot;,
  &quot;clawId&quot;: &quot;claw_80ae0777b15a43fe&quot;,
  &quot;action&quot;: &quot;User registered: Bob&quot;,
  &quot;result&quot;: &quot;success&quot;,
  &quot;ip&quot;: &quot;::ffff:127.0.0.1&quot;,
  &quot;publicKey&quot;: &quot;aaee306636ad72585db477d54c77d2de4cb39798323d406ec5c4f80561ec468e&quot;
}

            </system-out>
        </testcase>
        <testcase classname="tests/e2e/content-sharing-flow-parameterized.e2e.test.ts" name="E2E: Content Sharing Flow [supabase] &gt; Complete Content Sharing Journey &gt; should complete: upload file → send message → receive → react" time="11.290806829">
            <system-out>
2026-02-17 04:26:09.659 [[32minfo[39m] AUDIT
{
  &quot;service&quot;: &quot;clawbuds-audit&quot;,
  &quot;event&quot;: &quot;user.register&quot;,
  &quot;clawId&quot;: &quot;claw_4b4d835d0cd68582&quot;,
  &quot;action&quot;: &quot;User registered: Alice&quot;,
  &quot;result&quot;: &quot;success&quot;,
  &quot;ip&quot;: &quot;::ffff:127.0.0.1&quot;,
  &quot;publicKey&quot;: &quot;72d406a80c9cb366d8e0160a0729e4beeff081da5a66765cbe9a41735a1b8179&quot;
}

2026-02-17 04:26:10.435 [[32minfo[39m] AUDIT
{
  &quot;service&quot;: &quot;clawbuds-audit&quot;,
  &quot;event&quot;: &quot;user.register&quot;,
  &quot;clawId&quot;: &quot;claw_df82462876161e1e&quot;,
  &quot;action&quot;: &quot;User registered: Bob&quot;,
  &quot;result&quot;: &quot;success&quot;,
  &quot;ip&quot;: &quot;::ffff:127.0.0.1&quot;,
  &quot;publicKey&quot;: &quot;8cd874497de11380479cc922cd76c96235d121f62335b80fcd801c79160e42e9&quot;
}

2026-02-17 04:26:13.713 [[32minfo[39m] AUDIT
{
  &quot;service&quot;: &quot;clawbuds-audit&quot;,
  &quot;event&quot;: &quot;file.upload&quot;,
  &quot;clawId&quot;: &quot;claw_4b4d835d0cd68582&quot;,
  &quot;targetId&quot;: &quot;35958e5f-8798-4be2-b777-029126029a41&quot;,
  &quot;action&quot;: &quot;File uploaded: photo.jpg&quot;,
  &quot;result&quot;: &quot;success&quot;,
  &quot;ip&quot;: &quot;::ffff:127.0.0.1&quot;,
  &quot;filename&quot;: &quot;photo.jpg&quot;,
  &quot;mimeType&quot;: &quot;image/jpeg&quot;,
  &quot;size&quot;: 102400
}

            </system-out>
        </testcase>
        <testcase classname="tests/e2e/content-sharing-flow-parameterized.e2e.test.ts" name="E2E: Content Sharing Flow [supabase] &gt; Complete Content Sharing Journey &gt; should prevent non-friend from accessing shared image" time="8.887532389">
            <system-out>
2026-02-17 04:26:20.844 [[32minfo[39m] AUDIT
{
  &quot;service&quot;: &quot;clawbuds-audit&quot;,
  &quot;event&quot;: &quot;user.register&quot;,
  &quot;clawId&quot;: &quot;claw_ec4ce55982c08b9b&quot;,
  &quot;action&quot;: &quot;User registered: Alice&quot;,
  &quot;result&quot;: &quot;success&quot;,
  &quot;ip&quot;: &quot;::ffff:127.0.0.1&quot;,
  &quot;publicKey&quot;: &quot;620e1a2bdcd3522b1981fa88b679bdc5868349f5696babd5b897c584c964a833&quot;
}

2026-02-17 04:26:21.587 [[32minfo[39m] AUDIT
{
  &quot;service&quot;: &quot;clawbuds-audit&quot;,
  &quot;event&quot;: &quot;user.register&quot;,
  &quot;clawId&quot;: &quot;claw_6c55f85a8c6196a1&quot;,
  &quot;action&quot;: &quot;User registered: Bob&quot;,
  &quot;result&quot;: &quot;success&quot;,
  &quot;ip&quot;: &quot;::ffff:127.0.0.1&quot;,
  &quot;publicKey&quot;: &quot;8547674cc9410d5288a5fab7c3a120ff5528c2039389ebe95ea9aeb4719f5fb7&quot;
}

2026-02-17 04:26:22.315 [[32minfo[39m] AUDIT
{
  &quot;service&quot;: &quot;clawbuds-audit&quot;,
  &quot;event&quot;: &quot;user.register&quot;,
  &quot;clawId&quot;: &quot;claw_b6c622d16d41a040&quot;,
  &quot;action&quot;: &quot;User registered: Charlie&quot;,
  &quot;result&quot;: &quot;success&quot;,
  &quot;ip&quot;: &quot;::ffff:127.0.0.1&quot;,
  &quot;publicKey&quot;: &quot;c34161862cc693fde17a515d6f755b46c048275f77585c0f3a75023ac51b6950&quot;
}

2026-02-17 04:26:25.504 [[32minfo[39m] AUDIT
{
  &quot;service&quot;: &quot;clawbuds-audit&quot;,
  &quot;event&quot;: &quot;file.upload&quot;,
  &quot;clawId&quot;: &quot;claw_ec4ce55982c08b9b&quot;,
  &quot;targetId&quot;: &quot;7cf172cc-eb5b-45c1-a303-7802ea779c2b&quot;,
  &quot;action&quot;: &quot;File uploaded: private.jpg&quot;,
  &quot;result&quot;: &quot;success&quot;,
  &quot;ip&quot;: &quot;::ffff:127.0.0.1&quot;,
  &quot;filename&quot;: &quot;private.jpg&quot;,
  &quot;mimeType&quot;: &quot;image/jpeg&quot;,
  &quot;size&quot;: 1024
}

            </system-out>
        </testcase>
        <testcase classname="tests/e2e/content-sharing-flow-parameterized.e2e.test.ts" name="E2E: Content Sharing Flow [supabase] &gt; Complete Content Sharing Journey &gt; should allow mixing text-only and image messages" time="14.410837292">
            <system-out>
2026-02-17 04:26:29.729 [[32minfo[39m] AUDIT
{
  &quot;service&quot;: &quot;clawbuds-audit&quot;,
  &quot;event&quot;: &quot;user.register&quot;,
  &quot;clawId&quot;: &quot;claw_9fe4ae5969929030&quot;,
  &quot;action&quot;: &quot;User registered: Alice&quot;,
  &quot;result&quot;: &quot;success&quot;,
  &quot;ip&quot;: &quot;::ffff:127.0.0.1&quot;,
  &quot;publicKey&quot;: &quot;c04797a4fae890043f39cc22ffca91e14b0e1aed2ffe876360a6eda018829c7e&quot;
}

2026-02-17 04:26:30.455 [[32minfo[39m] AUDIT
{
  &quot;service&quot;: &quot;clawbuds-audit&quot;,
  &quot;event&quot;: &quot;user.register&quot;,
  &quot;clawId&quot;: &quot;claw_5e124051021625d6&quot;,
  &quot;action&quot;: &quot;User registered: Bob&quot;,
  &quot;result&quot;: &quot;success&quot;,
  &quot;ip&quot;: &quot;::ffff:127.0.0.1&quot;,
  &quot;publicKey&quot;: &quot;3904ac16f42ff99efff5e99fe5348f16091abae0664ead5cb525a425eeffe7e0&quot;
}

2026-02-17 04:26:35.794 [[32minfo[39m] AUDIT
{
  &quot;service&quot;: &quot;clawbuds-audit&quot;,
  &quot;event&quot;: &quot;file.upload&quot;,
  &quot;clawId&quot;: &quot;claw_9fe4ae5969929030&quot;,
  &quot;targetId&quot;: &quot;2f8d2cf9-6373-483c-9395-e74d12840732&quot;,
  &quot;action&quot;: &quot;File uploaded: report.jpg&quot;,
  &quot;result&quot;: &quot;success&quot;,
  &quot;ip&quot;: &quot;::ffff:127.0.0.1&quot;,
  &quot;filename&quot;: &quot;report.jpg&quot;,
  &quot;mimeType&quot;: &quot;image/jpeg&quot;,
  &quot;size&quot;: 1024
}

            </system-out>
        </testcase>
        <testcase classname="tests/e2e/content-sharing-flow-parameterized.e2e.test.ts" name="E2E: Content Sharing Flow [supabase] &gt; Multiple File Uploads &gt; should support multiple images in single message" time="9.999794355">
            <system-out>
2026-02-17 04:26:44.220 [[32minfo[39m] AUDIT
{
  &quot;service&quot;: &quot;clawbuds-audit&quot;,
  &quot;event&quot;: &quot;user.register&quot;,
  &quot;clawId&quot;: &quot;claw_7014597d4caf632e&quot;,
  &quot;action&quot;: &quot;User registered: Alice&quot;,
  &quot;result&quot;: &quot;success&quot;,
  &quot;ip&quot;: &quot;::ffff:127.0.0.1&quot;,
  &quot;publicKey&quot;: &quot;ab109347d9ee84149a7ee8bce733a10ba0fd6281c342d83b09f54676c237f9d6&quot;
}

2026-02-17 04:26:44.995 [[32minfo[39m] AUDIT
{
  &quot;service&quot;: &quot;clawbuds-audit&quot;,
  &quot;event&quot;: &quot;user.register&quot;,
  &quot;clawId&quot;: &quot;claw_4bc7eefcc3da47be&quot;,
  &quot;action&quot;: &quot;User registered: Bob&quot;,
  &quot;result&quot;: &quot;success&quot;,
  &quot;ip&quot;: &quot;::ffff:127.0.0.1&quot;,
  &quot;publicKey&quot;: &quot;da5895708abea534194f08a538b8c76f783a8c0e37eac8bec92781fce93c3c8c&quot;
}

2026-02-17 04:26:48.328 [[32minfo[39m] AUDIT
{
  &quot;service&quot;: &quot;clawbuds-audit&quot;,
  &quot;event&quot;: &quot;file.upload&quot;,
  &quot;clawId&quot;: &quot;claw_7014597d4caf632e&quot;,
  &quot;targetId&quot;: &quot;a02987df-de83-4824-ba89-6880e728f418&quot;,
  &quot;action&quot;: &quot;File uploaded: photo1.jpg&quot;,
  &quot;result&quot;: &quot;success&quot;,
  &quot;ip&quot;: &quot;::ffff:127.0.0.1&quot;,
  &quot;filename&quot;: &quot;photo1.jpg&quot;,
  &quot;mimeType&quot;: &quot;image/jpeg&quot;,
  &quot;size&quot;: 1024
}

2026-02-17 04:26:49.084 [[32minfo[39m] AUDIT
{
  &quot;service&quot;: &quot;clawbuds-audit&quot;,
  &quot;event&quot;: &quot;file.upload&quot;,
  &quot;clawId&quot;: &quot;claw_7014597d4caf632e&quot;,
  &quot;targetId&quot;: &quot;262e0a4c-78c6-496e-b9e8-7a07b47885a5&quot;,
  &quot;action&quot;: &quot;File uploaded: photo2.jpg&quot;,
  &quot;result&quot;: &quot;success&quot;,
  &quot;ip&quot;: &quot;::ffff:127.0.0.1&quot;,
  &quot;filename&quot;: &quot;photo2.jpg&quot;,
  &quot;mimeType&quot;: &quot;image/jpeg&quot;,
  &quot;size&quot;: 1024
}

2026-02-17 04:26:49.853 [[32minfo[39m] AUDIT
{
  &quot;service&quot;: &quot;clawbuds-audit&quot;,
  &quot;event&quot;: &quot;file.upload&quot;,
  &quot;clawId&quot;: &quot;claw_7014597d4caf632e&quot;,
  &quot;targetId&quot;: &quot;88419f46-ea00-49ab-89cc-7f375fcae74b&quot;,
  &quot;action&quot;: &quot;File uploaded: photo3.jpg&quot;,
  &quot;result&quot;: &quot;success&quot;,
  &quot;ip&quot;: &quot;::ffff:127.0.0.1&quot;,
  &quot;filename&quot;: &quot;photo3.jpg&quot;,
  &quot;mimeType&quot;: &quot;image/jpeg&quot;,
  &quot;size&quot;: 1024
}

            </system-out>
        </testcase>
        <testcase classname="tests/e2e/content-sharing-flow-parameterized.e2e.test.ts" name="E2E: Content Sharing Flow [supabase] &gt; Multiple File Uploads &gt; should handle large image uploads within limits" time="7.185129637">
            <system-out>
2026-02-17 04:26:54.183 [[32minfo[39m] AUDIT
{
  &quot;service&quot;: &quot;clawbuds-audit&quot;,
  &quot;event&quot;: &quot;user.register&quot;,
  &quot;clawId&quot;: &quot;claw_628017d72faf809d&quot;,
  &quot;action&quot;: &quot;User registered: Alice&quot;,
  &quot;result&quot;: &quot;success&quot;,
  &quot;ip&quot;: &quot;::ffff:127.0.0.1&quot;,
  &quot;publicKey&quot;: &quot;36769ba98af6eedbdb93fd19826bab9e3338dde46b511be9e68c80621d53af99&quot;
}

2026-02-17 04:26:54.945 [[32minfo[39m] AUDIT
{
  &quot;service&quot;: &quot;clawbuds-audit&quot;,
  &quot;event&quot;: &quot;user.register&quot;,
  &quot;clawId&quot;: &quot;claw_6a3212a4ee185d08&quot;,
  &quot;action&quot;: &quot;User registered: Bob&quot;,
  &quot;result&quot;: &quot;success&quot;,
  &quot;ip&quot;: &quot;::ffff:127.0.0.1&quot;,
  &quot;publicKey&quot;: &quot;6af19a49968269da5d078a56ffc9a69879784d1f29863a47aafb62f6c2060f2e&quot;
}

2026-02-17 04:26:58.238 [[32minfo[39m] AUDIT
{
  &quot;service&quot;: &quot;clawbuds-audit&quot;,
  &quot;event&quot;: &quot;file.upload&quot;,
  &quot;clawId&quot;: &quot;claw_628017d72faf809d&quot;,
  &quot;targetId&quot;: &quot;4b3369e1-80a6-4fa2-9f0b-fa26c7e01645&quot;,
  &quot;action&quot;: &quot;File uploaded: large-image.jpg&quot;,
  &quot;result&quot;: &quot;success&quot;,
  &quot;ip&quot;: &quot;::ffff:127.0.0.1&quot;,
  &quot;filename&quot;: &quot;large-image.jpg&quot;,
  &quot;mimeType&quot;: &quot;image/jpeg&quot;,
  &quot;size&quot;: 8388608
}

            </system-out>
        </testcase>
        <testcase classname="tests/e2e/content-sharing-flow-parameterized.e2e.test.ts" name="E2E: Content Sharing Flow [supabase] &gt; Repository Type Verification &gt; should be using supabase repository" time="1.574249148">
            <system-out>
2026-02-17 04:27:01.386 [[32minfo[39m] AUDIT
{
  &quot;service&quot;: &quot;clawbuds-audit&quot;,
  &quot;event&quot;: &quot;user.register&quot;,
  &quot;clawId&quot;: &quot;claw_724d756a415eb9c5&quot;,
  &quot;action&quot;: &quot;User registered: Alice&quot;,
  &quot;result&quot;: &quot;success&quot;,
  &quot;ip&quot;: &quot;::ffff:127.0.0.1&quot;,
  &quot;publicKey&quot;: &quot;9eef560d51d82286f2e036809375845944a06b750638f349bfd3e6a02e1048d8&quot;
}

2026-02-17 04:27:02.160 [[32minfo[39m] AUDIT
{
  &quot;service&quot;: &quot;clawbuds-audit&quot;,
  &quot;event&quot;: &quot;user.register&quot;,
  &quot;clawId&quot;: &quot;claw_84d8660791a9f0ac&quot;,
  &quot;action&quot;: &quot;User registered: Bob&quot;,
  &quot;result&quot;: &quot;success&quot;,
  &quot;ip&quot;: &quot;::ffff:127.0.0.1&quot;,
  &quot;publicKey&quot;: &quot;913c41fefb147df73026156f90be11719a0c84ed4c2846ec0b94454a8d28329c&quot;
}

            </system-out>
        </testcase>
    </testsuite>
    <testsuite name="tests/e2e/content-sharing-flow-simplified.e2e.test.ts" timestamp="2026-02-17T04:28:28.897Z" hostname="ip-172-31-37-183" tests="5" failures="0" errors="0" skipped="0" time="0.53456481">
        <testcase classname="tests/e2e/content-sharing-flow-simplified.e2e.test.ts" name="E2E: Content Upload and Sharing Flow &gt; Complete Content Sharing Journey &gt; should complete: upload file → send message → receive → react" time="0.203518333">
            <system-out>
2026-02-17 04:26:51.672 [[32minfo[39m] AUDIT
{
  &quot;service&quot;: &quot;clawbuds-audit&quot;,
  &quot;event&quot;: &quot;user.register&quot;,
  &quot;clawId&quot;: &quot;claw_ba8a9f2337c4ac98&quot;,
  &quot;action&quot;: &quot;User registered: Alice&quot;,
  &quot;result&quot;: &quot;success&quot;,
  &quot;ip&quot;: &quot;::ffff:127.0.0.1&quot;,
  &quot;publicKey&quot;: &quot;9f3e755d4a5fd9b96780ac3b55a259568f7997dcd24d0c6e732847f11ac1f10f&quot;
}

2026-02-17 04:26:51.686 [[32minfo[39m] AUDIT
{
  &quot;service&quot;: &quot;clawbuds-audit&quot;,
  &quot;event&quot;: &quot;user.register&quot;,
  &quot;clawId&quot;: &quot;claw_530feb61c8602771&quot;,
  &quot;action&quot;: &quot;User registered: Bob&quot;,
  &quot;result&quot;: &quot;success&quot;,
  &quot;ip&quot;: &quot;::ffff:127.0.0.1&quot;,
  &quot;publicKey&quot;: &quot;d1bf84d8310ceb561ecba277e01aa5180b6ecde28a907069ce944f9322b394ef&quot;
}

2026-02-17 04:26:51.726 [[32minfo[39m] AUDIT
{
  &quot;service&quot;: &quot;clawbuds-audit&quot;,
  &quot;event&quot;: &quot;file.upload&quot;,
  &quot;clawId&quot;: &quot;claw_ba8a9f2337c4ac98&quot;,
  &quot;targetId&quot;: &quot;c18acaa7-2c26-4bb4-b1ba-0c4e2b2a5cc4&quot;,
  &quot;action&quot;: &quot;File uploaded: photo.jpg&quot;,
  &quot;result&quot;: &quot;success&quot;,
  &quot;ip&quot;: &quot;::ffff:127.0.0.1&quot;,
  &quot;filename&quot;: &quot;photo.jpg&quot;,
  &quot;mimeType&quot;: &quot;image/jpeg&quot;,
  &quot;size&quot;: 102400
}

            </system-out>
        </testcase>
        <testcase classname="tests/e2e/content-sharing-flow-simplified.e2e.test.ts" name="E2E: Content Upload and Sharing Flow &gt; Complete Content Sharing Journey &gt; should prevent non-friend from accessing shared image" time="0.066207668">
            <system-out>
2026-02-17 04:26:51.787 [[32minfo[39m] AUDIT
{
  &quot;service&quot;: &quot;clawbuds-audit&quot;,
  &quot;event&quot;: &quot;user.register&quot;,
  &quot;clawId&quot;: &quot;claw_2c2a5cdfea983872&quot;,
  &quot;action&quot;: &quot;User registered: Alice&quot;,
  &quot;result&quot;: &quot;success&quot;,
  &quot;ip&quot;: &quot;::ffff:127.0.0.1&quot;,
  &quot;publicKey&quot;: &quot;66954c5651e59be794f39790bb9ed5014a4e4d29e35eb05b3c23be4c58c71ae2&quot;
}

2026-02-17 04:26:51.793 [[32minfo[39m] AUDIT
{
  &quot;service&quot;: &quot;clawbuds-audit&quot;,
  &quot;event&quot;: &quot;user.register&quot;,
  &quot;clawId&quot;: &quot;claw_59af95f8f855fa87&quot;,
  &quot;action&quot;: &quot;User registered: Bob&quot;,
  &quot;result&quot;: &quot;success&quot;,
  &quot;ip&quot;: &quot;::ffff:127.0.0.1&quot;,
  &quot;publicKey&quot;: &quot;d0ef8f6d7764f4f2ce6833b010d28c526262d7bab79b2bb33cff1325bf4f7953&quot;
}

2026-02-17 04:26:51.798 [[32minfo[39m] AUDIT
{
  &quot;service&quot;: &quot;clawbuds-audit&quot;,
  &quot;event&quot;: &quot;user.register&quot;,
  &quot;clawId&quot;: &quot;claw_c528a22bf1a2455d&quot;,
  &quot;action&quot;: &quot;User registered: Charlie&quot;,
  &quot;result&quot;: &quot;success&quot;,
  &quot;ip&quot;: &quot;::ffff:127.0.0.1&quot;,
  &quot;publicKey&quot;: &quot;2ba57e633b4aac530579659dd7669d7da5d84bfc2e55ef476f6299a6b83c3323&quot;
}

2026-02-17 04:26:51.819 [[32minfo[39m] AUDIT
{
  &quot;service&quot;: &quot;clawbuds-audit&quot;,
  &quot;event&quot;: &quot;file.upload&quot;,
  &quot;clawId&quot;: &quot;claw_2c2a5cdfea983872&quot;,
  &quot;targetId&quot;: &quot;5df14b8b-6c2e-4118-8992-a88aaf54eb41&quot;,
  &quot;action&quot;: &quot;File uploaded: private.jpg&quot;,
  &quot;result&quot;: &quot;success&quot;,
  &quot;ip&quot;: &quot;::ffff:127.0.0.1&quot;,
  &quot;filename&quot;: &quot;private.jpg&quot;,
  &quot;mimeType&quot;: &quot;image/jpeg&quot;,
  &quot;size&quot;: 1024
}

            </system-out>
        </testcase>
[...]
        <testcase classname="tests/e2e/webhook-inbound.e2e.test.ts" name="E2E: Webhook Inbound Message Flow &gt; Webhook State Validation &gt; should reject incoming request on outgoing webhook" time="0.03393607">
            <system-out>
2026-02-17 04:26:52.994 [[32minfo[39m] AUDIT
{
  &quot;service&quot;: &quot;clawbuds-audit&quot;,
  &quot;event&quot;: &quot;user.register&quot;,
  &quot;clawId&quot;: &quot;claw_d703040067213a20&quot;,
  &quot;action&quot;: &quot;User registered: Alice&quot;,
  &quot;result&quot;: &quot;success&quot;,
  &quot;ip&quot;: &quot;::ffff:127.0.0.1&quot;,
  &quot;publicKey&quot;: &quot;3bc9a51fb6d8611ea678e44454206e4a2f1f2b011aef0a3aa4926361a305e30e&quot;
}

2026-02-17 04:26:52.998 [[32minfo[39m] AUDIT
{
  &quot;service&quot;: &quot;clawbuds-audit&quot;,
  &quot;event&quot;: &quot;user.register&quot;,
  &quot;clawId&quot;: &quot;claw_b5d63a8512426d65&quot;,
  &quot;action&quot;: &quot;User registered: Bob&quot;,
  &quot;result&quot;: &quot;success&quot;,
  &quot;ip&quot;: &quot;::ffff:127.0.0.1&quot;,
  &quot;publicKey&quot;: &quot;089001ab080ecf042c780089bba7214b8dd057ec43be203cd3900e6385f38853&quot;
}

            </system-out>
        </testcase>
        <testcase classname="tests/e2e/webhook-inbound.e2e.test.ts" name="E2E: Webhook Inbound Message Flow &gt; Webhook State Validation &gt; should reject when webhook is disabled" time="0.038903256">
            <system-out>
2026-02-17 04:26:53.027 [[32minfo[39m] AUDIT
{
  &quot;service&quot;: &quot;clawbuds-audit&quot;,
  &quot;event&quot;: &quot;user.register&quot;,
  &quot;clawId&quot;: &quot;claw_4e4f7f9409dd4f51&quot;,
  &quot;action&quot;: &quot;User registered: Alice&quot;,
  &quot;result&quot;: &quot;success&quot;,
  &quot;ip&quot;: &quot;::ffff:127.0.0.1&quot;,
  &quot;publicKey&quot;: &quot;cb6628a68734f0da642e529177ed922e090e2606aa4725f490fcc6e06e256b2b&quot;
}

2026-02-17 04:26:53.031 [[32minfo[39m] AUDIT
{
  &quot;service&quot;: &quot;clawbuds-audit&quot;,
  &quot;event&quot;: &quot;user.register&quot;,
  &quot;clawId&quot;: &quot;claw_8fb9e674f6ae1779&quot;,
  &quot;action&quot;: &quot;User registered: Bob&quot;,
  &quot;result&quot;: &quot;success&quot;,
  &quot;ip&quot;: &quot;::ffff:127.0.0.1&quot;,
  &quot;publicKey&quot;: &quot;aa4e93a5e7669c6f48428d822a4f6b3a99fcf4160967a524b5f42ee4cef3c62a&quot;
}

            </system-out>
        </testcase>
        <testcase classname="tests/e2e/webhook-inbound.e2e.test.ts" name="E2E: Webhook Inbound Message Flow &gt; Webhook State Validation &gt; should reject for non-existent webhook id" time="0.02931684">
            <system-out>
2026-02-17 04:26:53.068 [[32minfo[39m] AUDIT
{
  &quot;service&quot;: &quot;clawbuds-audit&quot;,
  &quot;event&quot;: &quot;user.register&quot;,
  &quot;clawId&quot;: &quot;claw_b947bc356083800e&quot;,
  &quot;action&quot;: &quot;User registered: Alice&quot;,
  &quot;result&quot;: &quot;success&quot;,
  &quot;ip&quot;: &quot;::ffff:127.0.0.1&quot;,
  &quot;publicKey&quot;: &quot;304087bb895f6f52606427ccbeec1a5b8e7b35e7fc238f2280fd08b56c0f4bf4&quot;
}

2026-02-17 04:26:53.071 [[32minfo[39m] AUDIT
{
  &quot;service&quot;: &quot;clawbuds-audit&quot;,
  &quot;event&quot;: &quot;user.register&quot;,
  &quot;clawId&quot;: &quot;claw_f00bcef8f931a2a0&quot;,
  &quot;action&quot;: &quot;User registered: Bob&quot;,
  &quot;result&quot;: &quot;success&quot;,
  &quot;ip&quot;: &quot;::ffff:127.0.0.1&quot;,
  &quot;publicKey&quot;: &quot;f6b96732b5a661ae299fb8318a58eba9f5494222c03c48b166111f039fd9d76a&quot;
}

            </system-out>
        </testcase>
        <testcase classname="tests/e2e/webhook-inbound.e2e.test.ts" name="E2E: Webhook Inbound Message Flow &gt; Webhook CRUD Integration &gt; should complete full webhook lifecycle: create -&gt; use -&gt; list deliveries -&gt; delete" time="0.051756979">
            <system-out>
2026-02-17 04:26:53.095 [[32minfo[39m] AUDIT
{
  &quot;service&quot;: &quot;clawbuds-audit&quot;,
  &quot;event&quot;: &quot;user.register&quot;,
  &quot;clawId&quot;: &quot;claw_79f1899cdec953e2&quot;,
  &quot;action&quot;: &quot;User registered: Alice&quot;,
  &quot;result&quot;: &quot;success&quot;,
  &quot;ip&quot;: &quot;::ffff:127.0.0.1&quot;,
  &quot;publicKey&quot;: &quot;e4355fc42dc14d823b6bc6fb30e96f9d372fa7f6aa392284aa34817a0a0c18ef&quot;
}

2026-02-17 04:26:53.099 [[32minfo[39m] AUDIT
{
  &quot;service&quot;: &quot;clawbuds-audit&quot;,
  &quot;event&quot;: &quot;user.register&quot;,
  &quot;clawId&quot;: &quot;claw_9cdd2f0bc9c0fc49&quot;,
  &quot;action&quot;: &quot;User registered: Bob&quot;,
  &quot;result&quot;: &quot;success&quot;,
  &quot;ip&quot;: &quot;::ffff:127.0.0.1&quot;,
  &quot;publicKey&quot;: &quot;4de8d054a76579fb77b3516fef045a9e4db32278195ba2efd1e59b1184876908&quot;
}

            </system-out>
        </testcase>
    </testsuite>
    <testsuite name="tests/e2e/webhook-outbound.e2e.test.ts" timestamp="2026-02-17T04:28:28.934Z" hostname="ip-172-31-37-183" tests="19" failures="0" errors="0" skipped="0" time="0.542207317">
        <testcase classname="tests/e2e/webhook-outbound.e2e.test.ts" name="E2E: Webhook Outbound Events Flow &gt; Outgoing Webhook CRUD &gt; should create outgoing webhook with URL and events" time="0.125965816">
            <system-out>
2026-02-17 04:26:50.637 [[32minfo[39m] AUDIT
{
  &quot;service&quot;: &quot;clawbuds-audit&quot;,
  &quot;event&quot;: &quot;user.register&quot;,
  &quot;clawId&quot;: &quot;claw_69b0fb0d7ef8e2d5&quot;,
  &quot;action&quot;: &quot;User registered: Alice&quot;,
  &quot;result&quot;: &quot;success&quot;,
  &quot;ip&quot;: &quot;::ffff:127.0.0.1&quot;,
  &quot;publicKey&quot;: &quot;daeab836b12a39f5947e9b2b4eca3d172a8fc2d710dbaf5bed01f77c6b225b08&quot;
}

            </system-out>
        </testcase>
        <testcase classname="tests/e2e/webhook-outbound.e2e.test.ts" name="E2E: Webhook Outbound Events Flow &gt; Outgoing Webhook CRUD &gt; should require URL for outgoing webhooks" time="0.029782022">
            <system-out>
2026-02-17 04:26:50.679 [[32minfo[39m] AUDIT
{
  &quot;service&quot;: &quot;clawbuds-audit&quot;,
  &quot;event&quot;: &quot;user.register&quot;,
  &quot;clawId&quot;: &quot;claw_7696eaa55ea232d0&quot;,
  &quot;action&quot;: &quot;User registered: Alice&quot;,
  &quot;result&quot;: &quot;success&quot;,
  &quot;ip&quot;: &quot;::ffff:127.0.0.1&quot;,
  &quot;publicKey&quot;: &quot;fa57211fb5ae7fdc7af9a8a1062de7ae88f87479297ac0326bc178673fa36bf2&quot;
}

            </system-out>
        </testcase>
        <testcase classname="tests/e2e/webhook-outbound.e2e.test.ts" name="E2E: Webhook Outbound Events Flow &gt; Outgoing Webhook CRUD &gt; should update webhook URL and events" time="0.0315163">
            <system-out>
2026-02-17 04:26:50.704 [[32minfo[39m] AUDIT
{
  &quot;service&quot;: &quot;clawbuds-audit&quot;,
  &quot;event&quot;: &quot;user.register&quot;,
  &quot;clawId&quot;: &quot;claw_0e91be00ab90dbb0&quot;,
  &quot;action&quot;: &quot;User registered: Alice&quot;,
  &quot;result&quot;: &quot;success&quot;,
  &quot;ip&quot;: &quot;::ffff:127.0.0.1&quot;,
  &quot;publicKey&quot;: &quot;a983f7fc49ea232fe0b5c828f73656e2f2f0a9fa4ab7742cf019e604b0cf32a7&quot;
}

            </system-out>
        </testcase>
        <testcase classname="tests/e2e/webhook-outbound.e2e.test.ts" name="E2E: Webhook Outbound Events Flow &gt; Outgoing Webhook CRUD &gt; should prevent other users from accessing your webhooks" time="0.049330968">
            <system-out>
2026-02-17 04:26:50.734 [[32minfo[39m] AUDIT
{
  &quot;service&quot;: &quot;clawbuds-audit&quot;,
  &quot;event&quot;: &quot;user.register&quot;,
  &quot;clawId&quot;: &quot;claw_5e72aca77a750353&quot;,
  &quot;action&quot;: &quot;User registered: Alice&quot;,
  &quot;result&quot;: &quot;success&quot;,
  &quot;ip&quot;: &quot;::ffff:127.0.0.1&quot;,
  &quot;publicKey&quot;: &quot;44f34a4fc709cd325c8435fd706b4b2f82890c70daf5852a75dc7ee174e8b017&quot;
}

2026-02-17 04:26:50.742 [[32minfo[39m] AUDIT
{
  &quot;service&quot;: &quot;clawbuds-audit&quot;,
  &quot;event&quot;: &quot;user.register&quot;,
  &quot;clawId&quot;: &quot;claw_bca9f6486cfac521&quot;,
  &quot;action&quot;: &quot;User registered: Bob&quot;,
  &quot;result&quot;: &quot;success&quot;,
  &quot;ip&quot;: &quot;::ffff:127.0.0.1&quot;,
  &quot;publicKey&quot;: &quot;197347ae450016d9e26e7d742fd708981a1816ffb5bf7ec8f824af50c345c493&quot;
}

            </system-out>
        </testcase>
        <testcase classname="tests/e2e/webhook-outbound.e2e.test.ts" name="E2E: Webhook Outbound Events Flow &gt; Circuit Breaker Mechanism &gt; should auto-disable webhook after 10 consecutive failures" time="0.019108242">
            <system-out>
2026-02-17 04:26:50.784 [[32minfo[39m] AUDIT
{
  &quot;service&quot;: &quot;clawbuds-audit&quot;,
  &quot;event&quot;: &quot;user.register&quot;,
  &quot;clawId&quot;: &quot;claw_a559a9f8cd10e978&quot;,
  &quot;action&quot;: &quot;User registered: Alice&quot;,
  &quot;result&quot;: &quot;success&quot;,
  &quot;ip&quot;: &quot;::ffff:127.0.0.1&quot;,
  &quot;publicKey&quot;: &quot;aba56e743087544cb14e9a486ece0d503a459f48bd3138ae67123a3f2f6d788c&quot;
}

            </system-out>
        </testcase>
        <testcase classname="tests/e2e/webhook-outbound.e2e.test.ts" name="E2E: Webhook Outbound Events Flow &gt; Circuit Breaker Mechanism &gt; should reset failure count when re-enabling webhook" time="0.025748589">
            <system-out>
2026-02-17 04:26:50.803 [[32minfo[39m] AUDIT
{
  &quot;service&quot;: &quot;clawbuds-audit&quot;,
  &quot;event&quot;: &quot;user.register&quot;,
  &quot;clawId&quot;: &quot;claw_14ec24d914c5c81a&quot;,
  &quot;action&quot;: &quot;User registered: Alice&quot;,
  &quot;result&quot;: &quot;success&quot;,
  &quot;ip&quot;: &quot;::ffff:127.0.0.1&quot;,
  &quot;publicKey&quot;: &quot;2feb7341344b8b415d1eb148937d24ec045c8190f843fc25e749c05bde39dfc3&quot;
}

            </system-out>
        </testcase>
        <testcase classname="tests/e2e/webhook-outbound.e2e.test.ts" name="E2E: Webhook Outbound Events Flow &gt; Delivery Log &gt; should track delivery attempts" time="0.022463904">
            <system-out>
2026-02-17 04:26:50.830 [[32minfo[39m] AUDIT
{
  &quot;service&quot;: &quot;clawbuds-audit&quot;,
  &quot;event&quot;: &quot;user.register&quot;,
  &quot;clawId&quot;: &quot;claw_596c1d0f69198780&quot;,
  &quot;action&quot;: &quot;User registered: Alice&quot;,
  &quot;result&quot;: &quot;success&quot;,
  &quot;ip&quot;: &quot;::ffff:127.0.0.1&quot;,
  &quot;publicKey&quot;: &quot;c48603004539af27774c7c849bccd0763279c134f84374f74134f9b5beaff689&quot;
}

            </system-out>
        </testcase>
        <testcase classname="tests/e2e/webhook-outbound.e2e.test.ts" name="E2E: Webhook Outbound Events Flow &gt; Delivery Log &gt; should prevent non-owner from viewing delivery log" time="0.02904585">
            <system-out>
2026-02-17 04:26:50.851 [[32minfo[39m] AUDIT
{
  &quot;service&quot;: &quot;clawbuds-audit&quot;,
  &quot;event&quot;: &quot;user.register&quot;,
  &quot;clawId&quot;: &quot;claw_5328dd0c282b585a&quot;,
  &quot;action&quot;: &quot;User registered: Alice&quot;,
  &quot;result&quot;: &quot;success&quot;,
  &quot;ip&quot;: &quot;::ffff:127.0.0.1&quot;,
  &quot;publicKey&quot;: &quot;c93886be8c8dd15b67397b2d6483426a929e2bf83888f5adc9bf8298cb61fd90&quot;
}

2026-02-17 04:26:50.857 [[32minfo[39m] AUDIT
{
  &quot;service&quot;: &quot;clawbuds-audit&quot;,
  &quot;event&quot;: &quot;user.register&quot;,
  &quot;clawId&quot;: &quot;claw_9078075f6bc0f26a&quot;,
  &quot;action&quot;: &quot;User registered: Bob&quot;,
  &quot;result&quot;: &quot;success&quot;,
  &quot;ip&quot;: &quot;::ffff:127.0.0.1&quot;,
  &quot;publicKey&quot;: &quot;02f886a4fc9e6200aacac9ddb5d891b46b978abcc3334db6b53a7c7432797285&quot;
}

            </system-out>
        </testcase>
        <testcase classname="tests/e2e/webhook-outbound.e2e.test.ts" name="E2E: Webhook Outbound Events Flow &gt; SSRF Protection &gt; should block localhost (http://localhost:8080/admin)" time="0.020316037">
            <system-out>
2026-02-17 04:26:50.881 [[32minfo[39m] AUDIT
{
  &quot;service&quot;: &quot;clawbuds-audit&quot;,
  &quot;event&quot;: &quot;user.register&quot;,
  &quot;clawId&quot;: &quot;claw_4dabbf7099a94f95&quot;,
  &quot;action&quot;: &quot;User registered: Alice&quot;,
  &quot;result&quot;: &quot;success&quot;,
  &quot;ip&quot;: &quot;::ffff:127.0.0.1&quot;,
  &quot;publicKey&quot;: &quot;03151cde5f5178a4819450ed1327721bb4dd9a4d0f9033913c3a557ce12e02e1&quot;
}

            </system-out>
        </testcase>
        <testcase classname="tests/e2e/webhook-outbound.e2e.test.ts" name="E2E: Webhook Outbound Events Flow &gt; SSRF Protection &gt; should block 127.0.0.1 (http://127.0.0.1:8080/admin)" time="0.020162167">
            <system-out>
2026-02-17 04:26:50.900 [[32minfo[39m] AUDIT
{
  &quot;service&quot;: &quot;clawbuds-audit&quot;,
  &quot;event&quot;: &quot;user.register&quot;,
  &quot;clawId&quot;: &quot;claw_6af48e6126dfd15f&quot;,
  &quot;action&quot;: &quot;User registered: Alice&quot;,
  &quot;result&quot;: &quot;success&quot;,
  &quot;ip&quot;: &quot;::ffff:127.0.0.1&quot;,
  &quot;publicKey&quot;: &quot;4c4a55d4b76b19834f436e63a0cd82e078185106ab6f1a9406b8280d7c4e1dc6&quot;
}

            </system-out>
        </testcase>
        <testcase classname="tests/e2e/webhook-outbound.e2e.test.ts" name="E2E: Webhook Outbound Events Flow &gt; SSRF Protection &gt; should block 10.x.x.x (http://10.0.0.1/internal)" time="0.018267245">
            <system-out>
2026-02-17 04:26:50.921 [[32minfo[39m] AUDIT
{
  &quot;service&quot;: &quot;clawbuds-audit&quot;,
  &quot;event&quot;: &quot;user.register&quot;,
  &quot;clawId&quot;: &quot;claw_fdca30174cebe41e&quot;,
  &quot;action&quot;: &quot;User registered: Alice&quot;,
  &quot;result&quot;: &quot;success&quot;,
  &quot;ip&quot;: &quot;::ffff:127.0.0.1&quot;,
  &quot;publicKey&quot;: &quot;0f00aa5f69b9790fa67dbfba37b7ae67ccc1ceb52b59fadc61301b7b47df7612&quot;
}

            </system-out>
        </testcase>
        <testcase classname="tests/e2e/webhook-outbound.e2e.test.ts" name="E2E: Webhook Outbound Events Flow &gt; SSRF Protection &gt; should block 172.16.x.x (http://172.16.0.1/internal)" time="0.017928109">
            <system-out>
2026-02-17 04:26:50.938 [[32minfo[39m] AUDIT
{
  &quot;service&quot;: &quot;clawbuds-audit&quot;,
  &quot;event&quot;: &quot;user.register&quot;,
  &quot;clawId&quot;: &quot;claw_ab2c7a24470f19ef&quot;,
  &quot;action&quot;: &quot;User registered: Alice&quot;,
  &quot;result&quot;: &quot;success&quot;,
  &quot;ip&quot;: &quot;::ffff:127.0.0.1&quot;,
  &quot;publicKey&quot;: &quot;aa98bdca687f9b4d4d076b2a3d1f7ea1ee423d1ef533756e3f61fd168008ebff&quot;
}

            </system-out>
        </testcase>
        <testcase classname="tests/e2e/webhook-outbound.e2e.test.ts" name="E2E: Webhook Outbound Events Flow &gt; SSRF Protection &gt; should block 192.168.x.x (http://192.168.1.1/router)" time="0.018005432">
            <system-out>
2026-02-17 04:26:50.957 [[32minfo[39m] AUDIT
{
  &quot;service&quot;: &quot;clawbuds-audit&quot;,
  &quot;event&quot;: &quot;user.register&quot;,
  &quot;clawId&quot;: &quot;claw_6d1b5eec5a16a45f&quot;,
  &quot;action&quot;: &quot;User registered: Alice&quot;,
  &quot;result&quot;: &quot;success&quot;,
  &quot;ip&quot;: &quot;::ffff:127.0.0.1&quot;,
  &quot;publicKey&quot;: &quot;dc628b5c9f99f702906ce3065a0de0c72b9cc919c0bcde51c44d6f8ce30bd472&quot;
}

            </system-out>
        </testcase>
        <testcase classname="tests/e2e/webhook-outbound.e2e.test.ts" name="E2E: Webhook Outbound Events Flow &gt; SSRF Protection &gt; should block AWS metadata (http://169.254.169.254/latest/meta-data/)" time="0.01864995">
            <system-out>
2026-02-17 04:26:50.975 [[32minfo[39m] AUDIT
{
  &quot;service&quot;: &quot;clawbuds-audit&quot;,
  &quot;event&quot;: &quot;user.register&quot;,
  &quot;clawId&quot;: &quot;claw_37e0ca3d61303de5&quot;,
  &quot;action&quot;: &quot;User registered: Alice&quot;,
  &quot;result&quot;: &quot;success&quot;,
  &quot;ip&quot;: &quot;::ffff:127.0.0.1&quot;,
  &quot;publicKey&quot;: &quot;bd9385a7202e2d6f15c2cb4ae7c30316253f1d10eda118238bd2901d00b0ae2a&quot;
}

            </system-out>
        </testcase>
        <testcase classname="tests/e2e/webhook-outbound.e2e.test.ts" name="E2E: Webhook Outbound Events Flow &gt; SSRF Protection &gt; should block GCP metadata (http://metadata.google.internal/computeMetadata/v1/)" time="0.017238825">
            <system-out>
2026-02-17 04:26:50.993 [[32minfo[39m] AUDIT
{
  &quot;service&quot;: &quot;clawbuds-audit&quot;,
  &quot;event&quot;: &quot;user.register&quot;,
  &quot;clawId&quot;: &quot;claw_0696984c78d80cc1&quot;,
  &quot;action&quot;: &quot;User registered: Alice&quot;,
  &quot;result&quot;: &quot;success&quot;,
  &quot;ip&quot;: &quot;::ffff:127.0.0.1&quot;,
  &quot;publicKey&quot;: &quot;88fecdb5bdff03968b959a6391ad3641ff356e5afb1994b3705fe0898194d690&quot;
}

            </system-out>
        </testcase>
        <testcase classname="tests/e2e/webhook-outbound.e2e.test.ts" name="E2E: Webhook Outbound Events Flow &gt; SSRF Protection &gt; should block IPv6 localhost (http://[::1]:8080/admin)" time="0.017527434">
            <system-out>
2026-02-17 04:26:51.010 [[32minfo[39m] AUDIT
{
  &quot;service&quot;: &quot;clawbuds-audit&quot;,
  &quot;event&quot;: &quot;user.register&quot;,
  &quot;clawId&quot;: &quot;claw_5f3cf52b0ca6e2a3&quot;,
  &quot;action&quot;: &quot;User registered: Alice&quot;,
  &quot;result&quot;: &quot;success&quot;,
  &quot;ip&quot;: &quot;::ffff:127.0.0.1&quot;,
  &quot;publicKey&quot;: &quot;ebafc389102565eee778bd7cc99a622900e7aaaa8de432a71ff04a8a4b965e51&quot;
}

            </system-out>
        </testcase>
        <testcase classname="tests/e2e/webhook-outbound.e2e.test.ts" name="E2E: Webhook Outbound Events Flow &gt; SSRF Protection &gt; should block file protocol (file:///etc/passwd)" time="0.017451734">
            <system-out>
2026-02-17 04:26:51.028 [[32minfo[39m] AUDIT
{
  &quot;service&quot;: &quot;clawbuds-audit&quot;,
  &quot;event&quot;: &quot;user.register&quot;,
  &quot;clawId&quot;: &quot;claw_6fa9a84a3fe82d94&quot;,
  &quot;action&quot;: &quot;User registered: Alice&quot;,
  &quot;result&quot;: &quot;success&quot;,
  &quot;ip&quot;: &quot;::ffff:127.0.0.1&quot;,
  &quot;publicKey&quot;: &quot;cf508af98d571de98a96b7d439c53c678fa782e1a2c69145ee8ee80b25e80ab8&quot;
}

            </system-out>
        </testcase>
        <testcase classname="tests/e2e/webhook-outbound.e2e.test.ts" name="E2E: Webhook Outbound Events Flow &gt; SSRF Protection &gt; should block SSRF on webhook URL update" time="0.028264812">
            <system-out>
2026-02-17 04:26:51.047 [[32minfo[39m] AUDIT
{
  &quot;service&quot;: &quot;clawbuds-audit&quot;,
  &quot;event&quot;: &quot;user.register&quot;,
  &quot;clawId&quot;: &quot;claw_054d3c4aae16ccbf&quot;,
  &quot;action&quot;: &quot;User registered: Alice&quot;,
  &quot;result&quot;: &quot;success&quot;,
  &quot;ip&quot;: &quot;::ffff:127.0.0.1&quot;,
  &quot;publicKey&quot;: &quot;c08860edee832127100a09bf24394f4d9d2a1d09d1a46de4ce8f98dc5a453f5c&quot;
}

            </system-out>
        </testcase>
        <testcase classname="tests/e2e/webhook-outbound.e2e.test.ts" name="E2E: Webhook Outbound Events Flow &gt; HMAC Signature Generation &gt; should generate valid HMAC-SHA256 signatures for outgoing payloads" time="0.013109563">
            <system-out>
2026-02-17 04:26:51.073 [[32minfo[39m] AUDIT
{
  &quot;service&quot;: &quot;clawbuds-audit&quot;,
  &quot;event&quot;: &quot;user.register&quot;,
  &quot;clawId&quot;: &quot;claw_f5c207304482604d&quot;,
  &quot;action&quot;: &quot;User registered: Alice&quot;,
  &quot;result&quot;: &quot;success&quot;,
  &quot;ip&quot;: &quot;::ffff:127.0.0.1&quot;,
  &quot;publicKey&quot;: &quot;3391cb60ee9996daf8b1ae8afb28198c6e36a039312dda5b4c7db6ec333e1641&quot;
}

            </system-out>
        </testcase>
    </testsuite>
</testsuites>
